cmd:new_pvp_friend:1^
no:0,fps:1,+^
no:1,fps:2,+^
no:1,fps:3,+^
no:1,fps:4,+^
no:1,fps:5,+^
no:1,fps:6,+^
no:1,fps:7,+^
no:1,fps:8,+^
no:1,fps:9,+^
no:1,fps:10,+^
no:1,fps:11,+^
no:1,fps:12,+^
no:1,fps:13,+^
no:1,fps:14,+^
no:1,fps:15,+^
no:1,fps:16,+^
no:1,fps:17,+^
no:1,fps:18,+^
no:1,fps:19,+^
no:1,fps:20,+^
no:1,fps:21,+^
no:1,fps:22,+^
no:1,fps:23,+^
no:1,fps:24,+^
no:1,fps:25,+^
no:1,fps:26,+^
no:1,fps:27,+^
no:1,fps:28,+^
no:1,fps:29,+^
no:1,fps:30,+^
no:1,fps:31,+^
no:1,fps:32,+^
no:1,fps:33,+^
no:1,fps:34,+^
no:1,fps:35,+^
no:1,fps:36,+^
no:1,fps:37,+^
no:1,fps:38,+^
no:1,fps:39,+^
no:1,fps:40,+^
no:1,fps:41,+^
no:1,fps:42,+^
no:1,fps:43,+^
no:1,fps:44,+^
no:1,fps:45,+^
no:1,fps:46,+^
no:1,fps:47,+^
no:1,fps:48,+^
no:1,fps:49,+^
no:1,fps:50,+^
no:1,fps:51,+^
no:1,fps:52,+^
no:1,fps:53,+^
no:1,fps:54,+^
no:1,fps:55,+^
no:1,fps:56,+^
no:1,fps:57,+^
no:1,fps:58,+^
no:1,fps:59,+^
no:1,fps:60,+^
no:1,fps:61,+^
no:1,fps:62,+^
no:1,fps:63,+^
no:1,fps:64,+^
no:1,fps:65,+^
no:1,fps:66,+^
no:1,fps:67,+^
no:1,fps:68,+^
no:1,fps:69,+^
no:1,fps:70,+^
no:1,fps:71,+^
no:1,fps:72,+^
no:1,fps:73,+^
no:1,fps:74,+^
no:1,fps:75,+^
no:1,fps:76,+^
no:1,fps:77,+^
no:1,fps:78,+^
no:1,fps:79,+^
no:1,fps:80,+^
no:1,fps:81,+^
no:1,fps:82,+^
no:1,fps:83,+^
no:1,fps:84,+^
no:1,fps:85,+^
no:1,fps:86,+^
no:1,fps:87,+^
no:1,fps:88,+^
no:1,fps:89,+^
no:1,fps:90,+^
no:1,fps:91,+^
no:1,fps:92,+^
no:1,fps:93,+^
no:1,fps:94,+^
no:1,fps:95,+^
no:1,fps:96,+^
no:1,fps:97,+^
no:1,fps:98,+^
no:1,fps:99,+^
no:1,fps:100,+^
no:1,fps:101,+^
no:1,fps:102,+^
no:1,fps:103,+^
no:1,fps:104,+^
no:1,fps:105,+^
no:1,fps:106,+^
no:1,fps:107,+^
no:1,fps:108,+^
no:1,fps:109,+^
no:1,fps:110,+^
no:1,fps:111,+^
no:1,fps:112,+^
no:1,fps:113,+^
no:1,fps:114,+^
no:1,fps:115,+^
no:1,fps:116,+^
no:1,fps:117,+^
no:1,fps:118,+^
no:1,fps:119,+^
no:1,fps:120,+^
no:1,fps:121,+^
no:1,fps:122,+^
no:1,fps:123,+^
no:1,fps:124,+^
no:1,fps:125,+^
no:1,fps:126,+^
no:1,fps:127,+^
no:1,fps:128,+^
no:1,fps:129,+^
no:1,fps:130,+^
no:1,fps:131,+^
no:1,fps:132,+^
no:1,fps:133,+^
no:1,fps:134,+^
no:1,fps:135,+^
no:1,fps:136,+^
no:1,fps:137,+^
no:1,fps:138,+^
no:1,fps:139,+^
no:1,fps:140,+^
no:1,fps:141,+^
no:1,fps:142,+^
no:1,fps:143,+^
no:1,fps:144,+^
no:1,fps:145,+^
no:1,fps:146,+^
no:1,fps:147,+^
no:1,fps:148,+^
no:1,fps:149,+^
no:1,fps:150,+^
no:1,fps:151,+^
no:1,fps:152,+^
no:1,fps:153,+^
no:1,fps:154,+^
no:1,fps:155,+^
no:1,fps:156,+^
no:1,fps:157,+^
no:1,fps:158,+^
no:1,fps:159,+^
no:1,fps:160,+^
no:1,fps:161,+^
no:1,fps:162,+^
no:1,fps:163,+^
no:1,fps:164,+^
no:1,fps:165,+^
no:1,fps:166,+^
no:1,fps:167,+^
no:1,fps:168,+^
no:1,fps:169,+^
no:1,fps:170,+^
no:1,fps:171,+^
no:1,fps:172,+^
no:1,fps:173,+^
no:1,fps:174,+^
no:1,fps:175,+^
no:1,fps:176,+^
no:1,fps:177,+^
no:1,fps:178,+^
no:1,fps:179,+^
no:1,fps:180,+^
no:1,fps:181,+^
no:1,fps:182,+^
no:1,fps:183,+^
no:1,fps:184,+^
no:1,fps:185,+^
no:1,fps:186,+^
no:1,fps:187,+^
no:1,fps:188,+^
no:1,fps:189,+^
no:1,fps:190,+^
no:1,fps:191,+^
no:1,fps:192,+^
no:1,fps:193,+^
no:1,fps:194,+^
no:1,fps:195,+^
no:1,fps:196,+^
no:1,fps:197,+^
no:1,fps:198,+^
no:1,fps:199,+^
no:1,fps:200,+^
no:1,fps:201,+^
no:1,fps:202,+^
no:1,fps:203,+^
no:1,fps:204,+^
no:1,fps:205,+^
no:1,fps:206,+^
no:1,fps:207,+^
no:1,fps:208,+^
no:1,fps:209,+^
no:1,fps:210,+^
no:1,fps:211,+^
no:1,fps:212,+^
no:1,fps:213,+^
no:1,fps:214,+^
no:1,fps:215,+^
no:1,fps:216,+^
no:1,fps:217,+^
no:1,fps:218,+^
no:1,fps:219,+^
no:1,fps:220,+^
no:1,fps:221,+^
no:1,fps:222,+^
no:1,fps:223,+^
no:1,fps:224,+^
no:1,fps:225,+^
no:1,fps:226,+^
no:1,fps:227,+^
no:1,fps:228,+^
no:1,fps:229,+^
no:1,fps:230,+^
no:1,fps:231,+^
no:1,fps:232,+^
no:1,fps:233,+^
no:1,fps:234,+^
no:1,fps:235,+^
no:1,fps:236,+^
no:1,fps:237,+^
no:1,fps:238,+^
no:1,fps:239,+^
no:1,fps:240,+^
no:1,fps:241,+^
no:1,fps:242,+^
no:1,fps:243,+^
no:1,fps:244,+^
no:1,fps:245,+^
no:1,fps:246,+^
no:1,fps:247,+^
no:1,fps:248,+^
no:1,fps:249,+^
no:1,fps:250,+^
no:1,fps:251,+^
no:1,fps:252,+^
no:1,fps:253,+^
no:1,fps:254,+^
no:1,fps:255,+^
no:1,fps:256,+^
no:1,fps:257,+^
no:1,fps:258,+^
no:1,fps:259,+^
no:1,fps:260,+^
no:1,fps:261,+^
no:1,fps:262,+^
no:1,fps:263,+^
no:1,fps:264,+^
no:1,fps:265,+^
no:1,fps:266,+^
no:1,fps:267,+^
no:1,fps:268,+^
no:1,fps:269,+^
no:1,fps:270,+^
no:1,fps:271,+^
no:1,fps:272,+^
no:1,fps:273,+^
no:1,fps:274,+^
no:1,fps:275,+^
no:1,fps:276,+^
no:1,fps:277,+^
no:1,fps:278,+^
no:1,fps:279,+^
no:1,fps:280,+^
no:1,fps:281,+^
no:1,fps:282,+^
no:1,fps:283,+^
no:1,fps:284,+^
no:1,fps:285,+^
no:1,fps:286,+^
no:1,fps:287,+^
no:1,fps:288,+^
no:1,fps:289,+^
no:1,fps:290,+^
no:1,fps:291,+^
no:1,fps:292,+^
no:1,fps:293,+^
no:1,fps:294,+^
no:1,fps:295,+^
no:1,fps:296,+^
no:1,fps:297,+^
no:1,fps:298,+^
no:1,fps:299,+^
no:1,fps:300,+^
no:1,fps:301,+^
no:1,fps:302,+^
no:1,fps:303,+^
no:1,fps:304,+^
no:1,fps:305,+^
no:1,fps:306,+^
no:1,fps:307,+^
no:1,fps:308,+^
no:1,fps:309,+^
no:1,fps:310,+^
no:1,fps:311,+^
no:1,fps:312,+^
no:1,fps:313,+^
no:1,fps:314,+^
no:1,fps:315,+^
no:1,fps:316,+^
no:1,fps:317,+^
no:1,fps:318,+^
no:1,fps:319,+^
no:1,fps:320,+^
no:1,fps:321,+^
no:1,fps:322,+^
no:1,fps:323,+^
no:1,fps:324,+^
no:1,fps:325,+^
no:1,fps:326,+^
no:1,fps:327,+^
no:1,fps:328,+^
no:1,fps:329,+^
no:1,fps:330,+^
no:1,fps:331,+^
no:1,fps:332,+^
no:1,fps:333,+^
no:1,fps:334,+^
no:1,fps:335,+^
no:1,fps:336,+^
no:1,fps:337,+^
no:1,fps:338,+^
no:1,fps:339,+^
no:1,fps:340,+^
no:1,fps:341,+^
no:1,fps:342,+^
no:1,fps:343,+^
no:1,fps:344,+^
no:1,fps:345,+^
no:1,fps:346,+^
no:1,fps:347,+^
no:1,fps:348,+^
no:1,fps:349,+^
no:1,fps:350,+^
no:1,fps:351,+^
no:1,fps:352,+^
no:1,fps:353,+^
no:1,fps:354,+^
no:1,fps:355,+^
no:1,fps:356,+^
no:1,fps:357,+^
no:1,fps:358,+^
no:1,fps:359,+^
no:1,fps:360,+^
no:1,fps:361,+^
no:1,fps:362,+^
no:1,fps:363,+^
no:1,fps:364,+^
no:1,fps:365,+^
no:1,fps:366,+^
no:1,fps:367,+^
no:1,fps:368,+^
no:1,fps:369,+^
no:1,fps:370,+^
no:1,fps:371,+^
no:1,fps:372,+^
no:1,fps:373,+^
no:1,fps:374,+^
no:1,fps:375,+^
no:1,fps:376,+^
no:1,fps:377,+^
no:1,fps:378,+^
no:1,fps:379,+^
no:1,fps:380,+^
no:1,fps:381,+^
no:1,fps:382,+^
no:1,fps:383,+^
no:1,fps:384,+^
no:1,fps:385,+^
no:1,fps:386,+^
no:1,fps:387,+^
no:1,fps:388,+^
no:1,fps:389,+^
no:1,fps:390,+^
no:1,fps:391,+^
no:1,fps:392,+^
no:1,fps:393,+^
no:1,fps:394,+^
no:1,fps:395,+^
no:1,fps:396,+^
no:1,fps:397,+^
no:1,fps:398,+^
no:1,fps:399,+^
no:1,fps:400,+^
no:1,fps:401,+^
no:1,fps:402,+^
no:1,fps:403,+^
no:1,fps:404,+^
no:1,fps:405,+^
no:1,fps:406,+^
no:1,fps:407,+^
no:1,fps:408,+^
no:1,fps:409,+^
no:1,fps:410,+^
no:1,fps:411,+^
no:1,fps:412,+^
no:1,fps:413,+^
no:1,fps:414,+^
no:1,fps:415,+^
no:1,fps:416,+^
no:1,fps:417,+^
no:1,fps:418,+^
no:1,fps:419,+^
no:1,fps:420,+^
no:1,fps:421,+^
no:1,fps:422,+^
no:1,fps:423,+^
no:1,fps:424,+^
no:1,fps:425,+^
no:1,fps:426,+^
no:1,fps:427,+^
no:1,fps:428,+^
no:1,fps:429,+^
no:1,fps:430,+^
no:1,fps:431,+^
no:1,fps:432,+^
no:1,fps:433,+^
no:1,fps:434,+^
no:1,fps:435,+^
no:1,fps:436,+^
no:1,fps:437,+^
no:1,fps:438,+^
no:1,fps:439,+^
no:1,fps:440,+^
no:1,fps:441,+^
no:1,fps:442,+^
no:1,fps:443,+^
no:1,fps:444,+^
no:1,fps:445,+^
no:1,fps:446,+^
no:1,fps:447,+^
no:1,fps:448,+^
no:1,fps:449,+^
no:1,fps:450,+^
no:1,fps:451,+^
no:1,fps:452,+^
no:1,fps:453,+^
no:1,fps:454,+^
no:1,fps:455,+^
no:1,fps:456,+^
no:1,fps:457,+^
no:1,fps:458,+^
no:1,fps:459,+^
no:1,fps:460,+^
no:1,fps:461,+^
no:1,fps:462,+^
no:1,fps:463,+^
no:1,fps:464,+^
no:1,fps:465,+^
no:1,fps:466,+^
no:1,fps:467,+^
no:1,fps:468,+^
no:1,fps:469,+^
no:1,fps:470,+^
no:1,fps:471,+^
no:1,fps:472,+^
no:1,fps:473,left:1,+^
no:1,fps:474,+^
no:1,fps:475,left:1,+^
no:1,fps:476,left:1,stand:1,+^
no:1,fps:477,+^
no:1,fps:478,+^
no:1,fps:479,+^
no:1,fps:480,+^
no:1,fps:481,+^
no:1,fps:482,+^
no:1,fps:483,+^
no:1,fps:484,+^
no:1,fps:485,+^
no:1,fps:486,+^
no:1,fps:487,+^
no:1,fps:488,+^
no:1,fps:489,+^
no:1,fps:490,+^
no:1,fps:491,+^
no:1,fps:492,+^
no:1,fps:493,+^
no:1,fps:494,+^
no:1,fps:495,+^
no:1,fps:496,+^
no:1,fps:497,+^
no:1,fps:498,+^
no:1,fps:499,+^
no:1,fps:500,+^
no:1,fps:501,+^
no:1,fps:502,+^
no:1,fps:503,+^
no:1,fps:504,+^
no:1,fps:505,+^
no:1,fps:506,+^
no:1,fps:507,+^
no:1,fps:508,+^
no:1,fps:509,+^
no:1,fps:510,+^
no:1,fps:511,+^
no:1,fps:512,+^
no:1,fps:513,+^
no:1,fps:514,+^
no:1,fps:515,+^
no:1,fps:516,+^
no:1,fps:517,+^
no:1,fps:518,+^
no:1,fps:519,+^
no:1,fps:520,+^
no:1,fps:521,+^
no:1,fps:522,+^
no:1,fps:523,+^
no:1,fps:524,+^
no:1,fps:525,+^
no:1,fps:526,+^
no:1,fps:527,+^
no:1,fps:528,+^
no:1,fps:529,+^
no:1,fps:530,+^
no:1,fps:531,+^
no:1,fps:532,+^
no:1,fps:533,+^
no:1,fps:534,+^
no:1,fps:535,+^
no:1,fps:536,+^
no:1,fps:537,+^
no:1,fps:538,+^
no:1,fps:539,+^
no:1,fps:540,+^
no:1,fps:541,+^
no:1,fps:542,+^
no:1,fps:543,+^
no:1,fps:544,+^
no:1,fps:545,+^
no:1,fps:546,+^
no:1,fps:547,+^
no:1,fps:548,left:1,+^
no:1,fps:549,stand:1,+^
no:1,fps:550,+^
no:1,fps:551,+^
no:1,fps:552,+^
no:1,fps:553,+^
no:1,fps:554,+^
no:1,fps:555,+^
no:1,fps:556,+^
no:1,fps:557,+^
no:1,fps:558,+^
no:1,fps:559,+^
no:1,fps:560,+^
no:1,fps:561,+^
no:1,fps:562,+^
no:1,fps:563,+^
no:1,fps:564,+^
no:1,fps:565,+^
no:1,fps:566,+^
no:1,fps:567,+^
no:1,fps:568,+^
no:1,fps:569,+^
no:1,fps:570,+^
no:1,fps:571,+^
no:1,fps:572,+^
no:1,fps:573,+^
no:1,fps:574,+^
no:1,fps:575,+^
no:1,fps:576,+^
no:1,fps:577,+^
no:1,fps:578,+^
no:1,fps:579,+^
no:1,fps:580,+^
no:1,fps:581,+^
no:1,fps:582,+^
no:1,fps:583,+^
no:1,fps:584,+^
no:1,fps:585,+^
no:1,fps:586,+^
no:1,fps:587,+^
no:1,fps:588,+^
no:1,fps:589,+^
no:1,fps:590,+^
no:1,fps:591,+^
no:1,fps:592,+^
no:1,fps:593,+^
no:1,fps:594,+^
no:1,fps:595,+^
no:1,fps:596,+^
no:1,fps:597,+^
no:1,fps:598,+^
no:1,fps:599,+^
no:1,fps:600,+^
no:1,fps:601,+^
no:1,fps:602,+^
no:1,fps:603,+^
no:1,fps:604,+^
no:1,fps:605,+^
no:1,fps:606,+^
no:1,fps:607,+^
no:1,fps:608,+^
no:1,fps:609,+^
no:1,fps:610,+^
no:1,fps:611,+^
no:1,fps:612,+^
no:1,fps:613,+^
no:1,fps:614,+^
no:1,fps:615,+^
no:1,fps:616,+^
no:1,fps:617,+^
no:1,fps:618,+^
no:1,fps:619,+^
no:1,fps:620,+^
no:1,fps:621,+^
no:1,fps:622,+^
no:1,fps:623,+^
no:1,fps:624,+^
no:1,fps:625,+^
no:1,fps:626,+^
no:1,fps:627,+^
no:1,fps:628,+^
no:1,fps:629,+^
no:1,fps:630,+^
no:1,fps:631,+^
no:1,fps:632,+^
no:1,fps:633,+^
no:1,fps:634,+^
no:1,fps:635,+^
no:1,fps:636,+^
no:1,fps:637,+^
no:1,fps:638,+^
no:1,fps:639,+^
no:1,fps:640,+^
no:1,fps:641,+^
no:1,fps:642,+^
no:1,fps:643,+^
no:1,fps:644,+^
no:1,fps:645,+^
no:1,fps:646,+^
no:1,fps:647,+^
no:1,fps:648,+^
no:1,fps:649,+^
no:1,fps:650,+^
no:1,fps:651,+^
no:1,fps:652,+^
no:1,fps:653,+^
no:1,fps:654,+^
no:1,fps:655,+^
no:1,fps:656,+^
no:1,fps:657,+^
no:1,fps:658,+^
no:1,fps:659,+^
no:1,fps:660,+^
no:1,fps:661,+^
no:1,fps:662,+^
no:1,fps:663,+^
no:1,fps:664,+^
no:1,fps:665,+^
no:1,fps:666,+^
no:1,fps:667,+^
no:1,fps:668,+^
no:1,fps:669,+^
no:1,fps:670,+^
no:1,fps:671,+^
no:1,fps:672,+^
no:1,fps:673,+^
no:1,fps:674,+^
no:1,fps:675,+^
no:1,fps:676,+^
no:1,fps:677,+^
no:1,fps:678,+^
no:1,fps:679,+^
no:1,fps:680,+^
no:1,fps:681,+^
no:1,fps:682,+^
no:1,fps:683,+^
no:1,fps:684,+^
no:1,fps:685,+^
no:1,fps:686,+^
no:1,fps:687,+^
no:1,fps:688,+^
no:1,fps:689,+^
no:1,fps:690,+^
no:1,fps:691,+^
no:1,fps:692,+^
no:1,fps:693,+^
no:1,fps:694,+^
no:1,fps:695,+^
no:1,fps:696,+^
no:1,fps:697,+^
no:1,fps:698,+^
no:1,fps:699,+^
no:1,fps:700,+^
no:1,fps:701,+^
no:1,fps:702,+^
no:1,fps:703,+^
no:1,fps:704,+^
no:1,fps:705,+^
no:1,fps:706,+^
no:1,fps:707,+^
no:1,fps:708,+^
no:1,fps:709,+^
no:1,fps:710,+^
no:1,fps:711,+^
no:1,fps:712,+^
no:1,fps:713,+^
no:1,fps:714,+^
no:1,fps:715,+^
no:1,fps:716,+^
no:1,fps:717,+^
no:1,fps:718,+^
no:1,fps:719,+^
no:1,fps:720,+^
no:1,fps:721,+^
no:1,fps:722,+^
no:1,fps:723,+^
no:1,fps:724,+^
no:1,fps:725,+^
no:1,fps:726,+^
no:1,fps:727,+^
no:1,fps:728,+^
no:1,fps:729,+^
no:1,fps:730,+^
no:1,fps:731,+^
no:1,fps:732,+^
no:1,fps:733,+^
no:1,fps:734,+^
no:1,fps:735,+^
no:1,fps:736,+^
no:1,fps:737,+^
no:1,fps:738,+^
no:1,fps:739,+^
no:1,fps:740,+^
no:1,fps:741,+^
no:1,fps:742,+^
no:1,fps:743,+^
no:1,fps:744,+^
no:1,fps:745,+^
no:1,fps:746,+^
no:1,fps:747,+^
no:1,fps:748,+^
no:1,fps:749,+^
no:1,fps:750,+^
no:1,fps:751,+^
no:1,fps:752,+^
no:1,fps:753,+^
no:1,fps:754,+^
no:1,fps:755,+^
no:1,fps:756,+^
no:1,fps:757,+^
no:1,fps:758,+^
no:1,fps:759,+^
no:1,fps:760,+^
no:1,fps:761,+^
no:1,fps:762,+^
no:1,fps:763,+^
no:1,fps:764,+^
no:1,fps:765,+^
no:1,fps:766,+^
no:1,fps:767,+^
no:1,fps:768,+^
no:1,fps:769,+^
no:1,fps:770,+^
no:1,fps:771,+^
no:1,fps:772,+^
no:1,fps:773,+^
no:1,fps:774,+^
no:1,fps:775,+^
no:1,fps:776,+^
no:1,fps:777,+^
no:1,fps:778,+^
no:1,fps:779,+^
no:1,fps:780,+^
no:1,fps:781,+^
no:1,fps:782,+^
no:1,fps:783,+^
no:1,fps:784,+^
no:1,fps:785,+^
no:1,fps:786,+^
no:1,fps:787,+^
no:1,fps:788,+^
no:1,fps:789,+^
no:1,fps:790,+^
no:1,fps:791,+^
no:1,fps:792,+^
no:1,fps:793,+^
no:1,fps:794,+^
no:1,fps:795,+^
no:1,fps:796,+^
no:1,fps:797,+^
no:1,fps:798,+^
no:1,fps:799,+^
no:1,fps:800,+^
no:1,fps:801,+^
no:1,fps:802,+^
no:1,fps:803,+^
no:1,fps:804,+^
no:1,fps:805,+^
no:1,fps:806,+^
no:1,fps:807,+^
no:1,fps:808,+^
no:1,fps:809,+^
no:1,fps:810,+^
no:1,fps:811,+^
no:1,fps:812,+^
no:1,fps:813,+^
no:1,fps:814,+^
no:1,fps:815,+^
no:1,fps:816,+^
no:1,fps:817,+^
no:1,fps:818,+^
no:1,fps:819,+^
no:1,fps:820,+^
no:1,fps:821,+^
no:1,fps:822,+^
no:1,fps:823,+^
no:1,fps:824,+^
no:1,fps:825,+^
no:1,fps:826,+^
no:1,fps:827,+^
no:1,fps:828,+^
no:1,fps:829,+^
no:1,fps:830,+^
no:1,fps:831,+^
no:1,fps:832,+^
no:1,fps:833,+^
no:1,fps:834,+^
no:1,fps:835,+^
no:1,fps:836,+^
no:1,fps:837,+^
no:1,fps:838,+^
no:1,fps:839,+^
no:1,fps:840,+^
no:1,fps:841,+^
no:1,fps:842,+^
no:1,fps:843,+^
no:1,fps:844,+^
no:1,fps:845,+^
no:1,fps:846,+^
no:1,fps:847,+^
no:1,fps:848,+^
no:1,fps:849,+^
no:1,fps:850,+^
no:1,fps:851,+^
no:1,fps:852,+^
no:1,fps:853,+^
no:1,fps:854,+^
no:1,fps:855,+^
no:1,fps:856,+^
no:1,fps:857,+^
no:1,fps:858,+^
no:1,fps:859,+^
no:1,fps:860,+^
no:1,fps:861,+^
no:1,fps:862,+^
no:1,fps:863,+^
no:1,fps:864,+^
no:1,fps:865,+^
no:1,fps:866,+^
no:1,fps:867,+^
no:1,fps:868,+^
no:1,fps:869,+^
no:1,fps:870,+^
no:1,fps:871,+^
no:1,fps:872,+^
no:1,fps:873,+^
no:1,fps:874,+^
no:1,fps:875,+^
no:1,fps:876,+^
no:1,fps:877,+^
no:1,fps:878,+^
no:1,fps:879,+^
no:1,fps:880,+^
no:1,fps:881,+^
no:1,fps:882,+^
no:1,fps:883,+^
no:1,fps:884,+^
no:1,fps:885,+^
no:1,fps:886,+^
no:1,fps:887,+^
no:1,fps:888,+^
no:1,fps:889,+^
no:1,fps:890,+^
no:1,fps:891,+^
no:1,fps:892,+^
no:1,fps:893,+^
no:1,fps:894,+^
no:1,fps:895,+^
no:1,fps:896,+^
no:1,fps:897,+^
no:1,fps:898,+^
no:1,fps:899,+^
no:1,fps:900,+^
no:1,fps:901,+^
no:1,fps:902,+^
no:1,fps:903,+^
no:1,fps:904,+^
no:1,fps:905,+^
no:1,fps:906,+^
no:1,fps:907,+^
no:1,fps:908,+^
no:1,fps:909,+^
no:1,fps:910,+^
no:1,fps:911,+^
no:1,fps:912,+^
no:1,fps:913,+^
no:1,fps:914,+^
no:1,fps:915,+^
no:1,fps:916,+^
no:1,fps:917,+^
no:1,fps:918,+^
no:1,fps:919,+^
no:1,fps:920,+^
no:1,fps:921,+^
no:1,fps:922,+^
no:1,fps:923,+^
no:1,fps:924,+^
no:1,fps:925,+^
no:1,fps:926,+^
no:1,fps:927,+^
no:1,fps:928,+^
no:1,fps:929,+^
no:1,fps:930,+^
no:1,fps:931,+^
no:1,fps:932,+^
no:1,fps:933,+^
no:1,fps:934,+^
no:1,fps:935,+^
no:1,fps:936,+^
no:1,fps:937,+^
no:1,fps:938,+^
no:1,fps:939,+^
no:1,fps:940,+^
no:1,fps:941,+^
no:1,fps:942,+^
no:1,fps:943,+^
no:1,fps:944,+^
no:1,fps:945,+^
no:1,fps:946,+^
no:1,fps:947,+^
no:1,fps:948,+^
no:1,fps:949,+^
no:1,fps:950,+^
no:1,fps:951,+^
no:1,fps:952,+^
no:1,fps:953,+^
no:1,fps:954,+^
no:1,fps:955,+^
no:1,fps:956,+^
no:1,fps:957,+^
no:1,fps:958,+^
no:1,fps:959,+^
no:1,fps:960,+^
no:1,fps:961,+^
no:1,fps:962,+^
no:1,fps:963,+^
no:1,fps:964,+^
no:1,fps:965,+^
no:1,fps:966,+^
no:1,fps:967,+^
no:1,fps:968,+^
no:1,fps:969,+^
no:1,fps:970,+^
no:1,fps:971,+^
no:1,fps:972,+^
no:1,fps:973,+^
no:1,fps:974,+^
no:1,fps:975,+^
no:1,fps:976,+^
no:1,fps:977,+^
no:1,fps:978,+^
no:1,fps:979,+^
no:1,fps:980,+^
no:1,fps:981,+^
no:1,fps:982,+^
no:1,fps:983,+^
no:1,fps:984,+^
no:1,fps:985,+^
no:1,fps:986,+^
no:1,fps:987,+^
no:1,fps:988,+^
no:1,fps:989,+^
no:1,fps:990,+^
no:1,fps:991,+^
no:1,fps:992,+^
no:1,fps:993,+^
no:1,fps:994,+^
no:1,fps:995,+^
no:1,fps:996,+^
no:1,fps:997,+^
no:1,fps:998,+^
no:1,fps:999,+^
no:1,fps:1000,+^
no:1,fps:1001,+^
no:1,fps:1002,+^
no:1,fps:1003,+^
no:1,fps:1004,+^
no:1,fps:1005,+^
no:1,fps:1006,+^
no:1,fps:1007,+^
no:1,fps:1008,+^
no:1,fps:1009,+^
no:1,fps:1010,+^
no:1,fps:1011,+^
no:1,fps:1012,+^
no:1,fps:1013,+^
no:1,fps:1014,+^
no:1,fps:1015,+^
no:1,fps:1016,+^
no:1,fps:1017,+^
no:1,fps:1018,+^
no:1,fps:1019,+^
no:1,fps:1020,+^
no:1,fps:1021,+^
no:1,fps:1022,+^
no:1,fps:1023,+^
no:1,fps:1024,+^
no:1,fps:1025,+^
no:1,fps:1026,+^
no:1,fps:1027,+^
no:1,fps:1028,+^
no:1,fps:1029,+^
no:1,fps:1030,+^
no:1,fps:1031,+^
no:1,fps:1032,+^
no:1,fps:1033,+^
no:1,fps:1034,+^
no:1,fps:1035,+^
no:1,fps:1036,+^
no:1,fps:1037,+^
no:1,fps:1038,+^
no:1,fps:1039,+^
no:1,fps:1040,+^
no:1,fps:1041,+^
no:1,fps:1042,+^
no:1,fps:1043,+^
no:1,fps:1044,+^
no:1,fps:1045,+^
no:1,fps:1046,+^
no:1,fps:1047,+^
no:1,fps:1048,+^
no:1,fps:1049,+^
no:1,fps:1050,+^
no:1,fps:1051,+^
no:1,fps:1052,+^
no:1,fps:1053,+^
no:1,fps:1054,+^
no:1,fps:1055,+^
no:1,fps:1056,+^
no:1,fps:1057,+^
no:1,fps:1058,+^
no:1,fps:1059,+^
no:1,fps:1060,+^
no:1,fps:1061,+^
no:1,fps:1062,+^
no:1,fps:1063,+^
no:1,fps:1064,+^
no:1,fps:1065,+^
no:1,fps:1066,+^
no:1,fps:1067,+^
no:1,fps:1068,+^
no:1,fps:1069,+^
no:1,fps:1070,+^
no:1,fps:1071,+^
no:1,fps:1072,+^
no:1,fps:1073,+^
no:1,fps:1074,+^
no:1,fps:1075,+^
no:1,fps:1076,+^
no:1,fps:1077,+^
no:1,fps:1078,+^
no:1,fps:1079,+^
no:1,fps:1080,+^
no:1,fps:1081,+^
no:1,fps:1082,+^
no:1,fps:1083,+^
no:1,fps:1084,+^
no:1,fps:1085,+^
no:1,fps:1086,+^
no:1,fps:1087,+^
no:1,fps:1088,+^
no:1,fps:1089,+^
no:1,fps:1090,+^
no:1,fps:1091,+^
no:1,fps:1092,+^
no:1,fps:1093,+^
no:1,fps:1094,+^
no:1,fps:1095,+^
no:1,fps:1096,+^
no:1,fps:1097,+^
no:1,fps:1098,+^
no:1,fps:1099,+^
no:1,fps:1100,+^
no:1,fps:1101,+^
no:1,fps:1102,+^
no:1,fps:1103,+^
no:1,fps:1104,+^
no:1,fps:1105,+^
no:1,fps:1106,+^
no:1,fps:1107,+^
no:1,fps:1108,+^
no:1,fps:1109,+^
no:1,fps:1110,+^
no:1,fps:1111,+^
no:1,fps:1112,+^
no:1,fps:1113,+^
no:1,fps:1114,+^
no:1,fps:1115,+^
no:1,fps:1116,+^
no:1,fps:1117,+^
no:1,fps:1118,+^
no:1,fps:1119,+^
no:1,fps:1120,+^
no:1,fps:1121,+^
no:1,fps:1122,+^
no:1,fps:1123,+^
no:1,fps:1124,+^
no:1,fps:1125,+^
no:1,fps:1126,+^
no:1,fps:1127,+^
no:1,fps:1128,+^
no:1,fps:1129,+^
no:1,fps:1130,+^
no:1,fps:1131,+^
no:1,fps:1132,+^
no:1,fps:1133,+^
no:1,fps:1134,+^
no:1,fps:1135,+^
no:1,fps:1136,+^
no:1,fps:1137,+^
no:1,fps:1138,+^
no:1,fps:1139,+^
no:1,fps:1140,+^
no:1,fps:1141,+^
no:1,fps:1142,+^
no:1,fps:1143,+^
no:1,fps:1144,+^
no:1,fps:1145,+^
no:1,fps:1146,+^
no:1,fps:1147,+^
no:1,fps:1148,+^
no:1,fps:1149,+^
no:1,fps:1150,+^
no:1,fps:1151,+^
no:1,fps:1152,+^
no:1,fps:1153,+^
no:1,fps:1154,+^
no:1,fps:1155,+^
no:1,fps:1156,+^
no:1,fps:1157,+^
no:1,fps:1158,+^
no:1,fps:1159,+^
no:1,fps:1160,+^
no:1,fps:1161,+^
no:1,fps:1162,+^
no:1,fps:1163,+^
no:1,fps:1164,+^
no:1,fps:1165,+^
no:1,fps:1166,+^
no:1,fps:1167,+^
no:1,fps:1168,+^
no:1,fps:1169,+^
no:1,fps:1170,+^
no:1,fps:1171,right:1,+^
no:1,fps:1172,right:1,stand:1,+^
no:1,fps:1173,+^
no:1,fps:1174,+^
no:1,fps:1175,+^
no:1,fps:1176,+^
no:1,fps:1177,+^
no:1,fps:1178,+^
no:1,fps:1179,+^
no:1,fps:1180,+^
no:1,fps:1181,+^
no:1,fps:1182,+^
no:1,fps:1183,+^
no:1,fps:1184,+^
no:1,fps:1185,+^
no:1,fps:1186,+^
no:1,fps:1187,+^
no:1,fps:1188,+^
no:1,fps:1189,+^
no:1,fps:1190,+^
no:1,fps:1191,+^
no:1,fps:1192,+^
no:1,fps:1193,+^
no:1,fps:1194,+^
no:1,fps:1195,+^
no:1,fps:1196,+^
no:1,fps:1197,+^
no:1,fps:1198,+^
no:1,fps:1199,+^
no:1,fps:1200,+^
no:1,fps:1201,+^
no:1,fps:1202,+^
no:1,fps:1203,+^
no:1,fps:1204,+^
no:1,fps:1205,+^
no:1,fps:1206,+^
no:1,fps:1207,+^
no:1,fps:1208,+^
no:1,fps:1209,+^
no:1,fps:1210,+^
no:1,fps:1211,+^
no:1,fps:1212,+^
no:1,fps:1213,+^
no:1,fps:1214,+^
no:1,fps:1215,+^
no:1,fps:1216,+^
no:1,fps:1217,+^
no:1,fps:1218,+^
no:1,fps:1219,+^
no:1,fps:1220,+^
no:1,fps:1221,+^
no:1,fps:1222,+^
no:1,fps:1223,+^
no:1,fps:1224,+^
no:1,fps:1225,+^
no:1,fps:1226,+^
no:1,fps:1227,+^
no:1,fps:1228,+^
no:1,fps:1229,+^
no:1,fps:1230,+^
no:1,fps:1231,+^
no:1,fps:1232,+^
no:1,fps:1233,+^
no:1,fps:1234,+^
no:1,fps:1235,+^
no:1,fps:1236,+^
no:1,fps:1237,+^
no:1,fps:1238,+^
no:1,fps:1239,+^
no:1,fps:1240,+^
no:1,fps:1241,+^
no:1,fps:1242,+^
no:1,fps:1243,+^
no:1,fps:1244,+^
no:1,fps:1245,+^
no:1,fps:1246,+^
no:1,fps:1247,+^
no:1,fps:1248,+^
no:1,fps:1249,+^
no:1,fps:1250,+^
no:1,fps:1251,+^
no:1,fps:1252,+^
no:1,fps:1253,+^
no:1,fps:1254,+^
no:1,fps:1255,+^
no:1,fps:1256,+^
no:1,fps:1257,+^
no:1,fps:1258,+^
no:1,fps:1259,+^
no:1,fps:1260,+^
no:1,fps:1261,+^
no:1,fps:1262,+^
no:1,fps:1263,+^
no:1,fps:1264,+^
no:1,fps:1265,+^
no:1,fps:1266,+^
no:1,fps:1267,+^
no:1,fps:1268,+^
no:1,fps:1269,+^
no:1,fps:1270,+^
no:1,fps:1271,+^
no:1,fps:1272,+^
no:1,fps:1273,+^
no:1,fps:1274,+^
no:1,fps:1275,+^
no:1,fps:1276,+^
no:1,fps:1277,+^
no:1,fps:1278,+^
no:1,fps:1279,+^
no:1,fps:1280,+^
no:1,fps:1281,+^
no:1,fps:1282,+^
no:1,fps:1283,+^
no:1,fps:1284,+^
no:1,fps:1285,+^
no:1,fps:1286,+^
no:1,fps:1287,+^
no:1,fps:1288,+^
no:1,fps:1289,+^
no:1,fps:1290,+^
no:1,fps:1291,+^
no:1,fps:1292,+^
no:1,fps:1293,+^
no:1,fps:1294,+^
no:1,fps:1295,+^
no:1,fps:1296,+^
no:1,fps:1297,+^
no:1,fps:1298,+^
no:1,fps:1299,+^
no:1,fps:1300,+^
no:1,fps:1301,+^
no:1,fps:1302,+^
no:1,fps:1303,+^
no:1,fps:1304,+^
no:1,fps:1305,+^
no:1,fps:1306,+^
no:1,fps:1307,+^
no:1,fps:1308,+^
no:1,fps:1309,+^
no:1,fps:1310,+^
no:1,fps:1311,+^
no:1,fps:1312,+^
no:1,fps:1313,+^
no:1,fps:1314,+^
no:1,fps:1315,+^
no:1,fps:1316,+^
no:1,fps:1317,+^
no:1,fps:1318,+^
no:1,fps:1319,+^
no:1,fps:1320,+^
no:1,fps:1321,+^
no:1,fps:1322,+^
no:1,fps:1323,+^
no:1,fps:1324,+^
no:1,fps:1325,+^
no:1,fps:1326,+^
no:1,fps:1327,+^
no:1,fps:1328,+^
no:1,fps:1329,+^
no:1,fps:1330,+^
no:1,fps:1331,+^
no:1,fps:1332,+^
no:1,fps:1333,+^
no:1,fps:1334,+^
no:1,fps:1335,+^
no:1,fps:1336,+^
no:1,fps:1337,+^
no:1,fps:1338,+^
no:1,fps:1339,+^
no:1,fps:1340,+^
no:1,fps:1341,+^
no:1,fps:1342,+^
no:1,fps:1343,+^
no:1,fps:1344,+^
no:1,fps:1345,+^
no:1,fps:1346,+^
no:1,fps:1347,+^
no:1,fps:1348,+^
no:1,fps:1349,+^
no:1,fps:1350,+^
no:1,fps:1351,+^
no:1,fps:1352,+^
no:1,fps:1353,+^
no:1,fps:1354,+^
no:1,fps:1355,+^
no:1,fps:1356,+^
no:1,fps:1357,+^
no:1,fps:1358,+^
no:1,fps:1359,+^
no:1,fps:1360,+^
no:1,fps:1361,+^
no:1,fps:1362,+^
no:1,fps:1363,+^
no:1,fps:1364,+^
no:1,fps:1365,+^
no:1,fps:1366,+^
no:1,fps:1367,+^
no:1,fps:1368,+^
no:1,fps:1369,+^
no:1,fps:1370,+^
no:1,fps:1371,+^
no:1,fps:1372,+^
no:1,fps:1373,+^
no:1,fps:1374,+^
no:1,fps:1375,+^
no:1,fps:1376,+^
no:1,fps:1377,+^
no:1,fps:1378,+^
no:1,fps:1379,+^
no:1,fps:1380,+^
no:1,fps:1381,+^
no:1,fps:1382,+^
no:1,fps:1383,+^
no:1,fps:1384,+^
no:1,fps:1385,+^
no:1,fps:1386,+^
no:1,fps:1387,+^
no:1,fps:1388,+^
no:1,fps:1389,+^
no:1,fps:1390,+^
no:1,fps:1391,+^
no:1,fps:1392,+^
no:1,fps:1393,+^
no:1,fps:1394,+^
no:1,fps:1395,+^
no:1,fps:1396,+^
no:1,fps:1397,+^
no:1,fps:1398,+^
no:1,fps:1399,+^
no:1,fps:1400,+^
no:1,fps:1401,+^
no:1,fps:1402,+^
no:1,fps:1403,+^
no:1,fps:1404,+^
no:1,fps:1405,+^
no:1,fps:1406,+^
no:1,fps:1407,+^
no:1,fps:1408,+^
no:1,fps:1409,+^
no:1,fps:1410,+^
no:1,fps:1411,+^
no:1,fps:1412,+^
no:1,fps:1413,+^
no:1,fps:1414,+^
no:1,fps:1415,+^
no:1,fps:1416,+^
no:1,fps:1417,+^
no:1,fps:1418,+^
no:1,fps:1419,+^
no:1,fps:1420,+^
no:1,fps:1421,+^
no:1,fps:1422,+^
no:1,fps:1423,+^
no:1,fps:1424,+^
no:1,fps:1425,+^
no:1,fps:1426,+^
no:1,fps:1427,+^
no:1,fps:1428,+^
no:1,fps:1429,+^
no:1,fps:1430,+^
no:1,fps:1431,+^
no:1,fps:1432,+^
no:1,fps:1433,+^
no:1,fps:1434,+^
no:1,fps:1435,+^
no:1,fps:1436,+^
no:1,fps:1437,+^
no:1,fps:1438,+^
no:1,fps:1439,+^
no:1,fps:1440,+^
no:1,fps:1441,+^
no:1,fps:1442,+^
no:1,fps:1443,+^
no:1,fps:1444,+^
no:1,fps:1445,+^
no:1,fps:1446,+^
no:1,fps:1447,+^
no:1,fps:1448,+^
no:1,fps:1449,+^
no:1,fps:1450,+^
no:1,fps:1451,+^
no:1,fps:1452,+^
no:1,fps:1453,+^
no:1,fps:1454,+^
no:1,fps:1455,+^
no:1,fps:1456,+^
no:1,fps:1457,+^
no:1,fps:1458,+^
no:1,fps:1459,+^
no:1,fps:1460,+^
no:1,fps:1461,+^
no:1,fps:1462,+^
no:1,fps:1463,+^
no:1,fps:1464,+^
no:1,fps:1465,+^
no:1,fps:1466,+^
no:1,fps:1467,+^
no:1,fps:1468,+^
no:1,fps:1469,+^
no:1,fps:1470,+^
no:1,fps:1471,+^
no:1,fps:1472,+^
no:1,fps:1473,+^
no:1,fps:1474,+^
no:1,fps:1475,+^
no:1,fps:1476,+^
no:1,fps:1477,+^
no:1,fps:1478,+^
no:1,fps:1479,+^
no:1,fps:1480,+^
no:1,fps:1481,+^
no:1,fps:1482,+^
no:1,fps:1483,+^
no:1,fps:1484,+^
no:1,fps:1485,+^
no:1,fps:1486,+^
no:1,fps:1487,+^
no:1,fps:1488,+^
no:1,fps:1489,+^
no:1,fps:1490,+^
no:1,fps:1491,+^
no:1,fps:1492,+^
no:1,fps:1493,+^
no:1,fps:1494,+^
no:1,fps:1495,+^
no:1,fps:1496,+^
no:1,fps:1497,+^
no:1,fps:1498,+^
no:1,fps:1499,+^
no:1,fps:1500,+^
no:1,fps:1501,+^
no:1,fps:1502,+^
no:1,fps:1503,+^
no:1,fps:1504,+^
no:1,fps:1505,+^
no:1,fps:1506,+^
no:1,fps:1507,+^
no:1,fps:1508,+^
no:1,fps:1509,+^
no:1,fps:1510,+^
no:1,fps:1511,+^
no:1,fps:1512,+^
no:1,fps:1513,+^
no:1,fps:1514,+^
no:1,fps:1515,+^
no:1,fps:1516,+^
no:1,fps:1517,+^
no:1,fps:1518,+^
no:1,fps:1519,+^
no:1,fps:1520,+^
no:1,fps:1521,+^
no:1,fps:1522,+^
no:1,fps:1523,+^
no:1,fps:1524,+^
no:1,fps:1525,+^
no:1,fps:1526,+^
no:1,fps:1527,+^
no:1,fps:1528,+^
no:1,fps:1529,+^
no:1,fps:1530,+^
no:1,fps:1531,+^
no:1,fps:1532,+^
no:1,fps:1533,+^
no:1,fps:1534,+^
no:1,fps:1535,+^
no:1,fps:1536,+^
no:1,fps:1537,+^
no:1,fps:1538,+^
no:1,fps:1539,+^
no:1,fps:1540,+^
no:1,fps:1541,+^
no:1,fps:1542,+^
no:1,fps:1543,+^
no:1,fps:1544,+^
no:1,fps:1545,+^
no:1,fps:1546,+^
no:1,fps:1547,+^
no:1,fps:1548,+^
no:1,fps:1549,+^
no:1,fps:1550,+^
no:1,fps:1551,+^
no:1,fps:1552,+^
no:1,fps:1553,+^
no:1,fps:1554,+^
no:1,fps:1555,+^
no:1,fps:1556,+^
no:1,fps:1557,+^
no:1,fps:1558,+^
no:1,fps:1559,+^
no:1,fps:1560,+^
no:1,fps:1561,+^
no:1,fps:1562,+^
no:1,fps:1563,+^
no:1,fps:1564,+^
no:1,fps:1565,+^
no:1,fps:1566,+^
no:1,fps:1567,+^
no:1,fps:1568,+^
no:1,fps:1569,+^
no:1,fps:1570,+^
no:1,fps:1571,+^
no:1,fps:1572,+^
no:1,fps:1573,+^
no:1,fps:1574,+^
no:1,fps:1575,+^
no:1,fps:1576,+^
no:1,fps:1577,+^
no:1,fps:1578,+^
no:1,fps:1579,+^
no:1,fps:1580,+^
no:1,fps:1581,+^
no:1,fps:1582,+^
no:1,fps:1583,+^
no:1,fps:1584,+^
no:1,fps:1585,+^
no:1,fps:1586,+^
no:1,fps:1587,+^
no:1,fps:1588,+^
no:1,fps:1589,+^
no:1,fps:1590,+^
no:1,fps:1591,+^
no:1,fps:1592,+^
no:1,fps:1593,+^
no:1,fps:1594,+^
no:1,fps:1595,+^
no:1,fps:1596,+^
no:1,fps:1597,+^
no:1,fps:1598,+^
no:1,fps:1599,+^
no:1,fps:1600,+^
no:1,fps:1601,+^
no:1,fps:1602,+^
no:1,fps:1603,+^
no:1,fps:1604,+^
no:1,fps:1605,+^
no:1,fps:1606,+^
no:1,fps:1607,+^
no:1,fps:1608,+^
no:1,fps:1609,+^
no:1,fps:1610,+^
no:1,fps:1611,+^
no:1,fps:1612,+^
no:1,fps:1613,+^
no:1,fps:1614,+^
no:1,fps:1615,+^
no:1,fps:1616,+^
no:1,fps:1617,+^
no:1,fps:1618,+^
no:1,fps:1619,+^
no:1,fps:1620,+^
no:1,fps:1621,+^
no:1,fps:1622,+^
no:1,fps:1623,+^
no:1,fps:1624,+^
no:1,fps:1625,+^
no:1,fps:1626,+^
no:1,fps:1627,+^
no:1,fps:1628,+^
no:1,fps:1629,+^
no:1,fps:1630,+^
no:1,fps:1631,+^
no:1,fps:1632,+^
no:1,fps:1633,+^
no:1,fps:1634,+^
no:1,fps:1635,+^
no:1,fps:1636,+^
no:1,fps:1637,+^
no:1,fps:1638,+^
no:1,fps:1639,+^
no:1,fps:1640,+^
no:1,fps:1641,+^
no:1,fps:1642,+^
no:1,fps:1643,+^
no:1,fps:1644,+^
no:1,fps:1645,+^
no:1,fps:1646,+^
no:1,fps:1647,+^
no:1,fps:1648,+^
no:1,fps:1649,+^
no:1,fps:1650,+^
no:1,fps:1651,+^
no:1,fps:1652,+^
no:1,fps:1653,+^
no:1,fps:1654,+^
no:1,fps:1655,+^
no:1,fps:1656,+^
no:1,fps:1657,+^
no:1,fps:1658,+^
no:1,fps:1659,+^
no:1,fps:1660,+^
no:1,fps:1661,+^
no:1,fps:1662,+^
no:1,fps:1663,+^
no:1,fps:1664,+^
no:1,fps:1665,+^
no:1,fps:1666,+^
no:1,fps:1667,+^
no:1,fps:1668,+^
no:1,fps:1669,+^
no:1,fps:1670,+^
no:1,fps:1671,+^
no:1,fps:1672,+^
no:1,fps:1673,+^
no:1,fps:1674,+^
no:1,fps:1675,+^
no:1,fps:1676,+^
no:1,fps:1677,+^
no:1,fps:1678,+^
no:1,fps:1679,+^
no:1,fps:1680,+^
no:1,fps:1681,+^
no:1,fps:1682,+^
no:1,fps:1683,+^
no:1,fps:1684,+^
no:1,fps:1685,+^
no:1,fps:1686,+^
no:1,fps:1687,+^
no:1,fps:1688,+^
no:1,fps:1689,+^
no:1,fps:1690,+^
no:1,fps:1691,+^
no:1,fps:1692,+^
no:1,fps:1693,+^
no:1,fps:1694,+^
no:1,fps:1695,+^
no:1,fps:1696,+^
no:1,fps:1697,+^
no:1,fps:1698,+^
no:1,fps:1699,+^
no:1,fps:1700,+^
no:1,fps:1701,+^
no:1,fps:1702,+^
no:1,fps:1703,+^
no:1,fps:1704,+^
no:1,fps:1705,+^
no:1,fps:1706,+^
no:1,fps:1707,+^
no:1,fps:1708,+^
no:1,fps:1709,+^
no:1,fps:1710,+^
no:1,fps:1711,+^
no:1,fps:1712,+^
no:1,fps:1713,+^
no:1,fps:1714,+^
no:1,fps:1715,+^
no:1,fps:1716,+^
no:1,fps:1717,+^
no:1,fps:1718,+^
no:1,fps:1719,+^
no:1,fps:1720,+^
no:1,fps:1721,+^
no:1,fps:1722,+^
no:1,fps:1723,+^
no:1,fps:1724,+^
no:1,fps:1725,+^
no:1,fps:1726,+^
no:1,fps:1727,+^
no:1,fps:1728,+^
no:1,fps:1729,+^
no:1,fps:1730,+^
no:1,fps:1731,+^
no:1,fps:1732,+^
no:1,fps:1733,+^
no:1,fps:1734,+^
no:1,fps:1735,+^
no:1,fps:1736,+^
no:1,fps:1737,+^
no:1,fps:1738,+^
no:1,fps:1739,+^
no:1,fps:1740,+^
no:1,fps:1741,+^
no:1,fps:1742,+^
no:1,fps:1743,+^
no:1,fps:1744,+^
no:1,fps:1745,+^
no:1,fps:1746,+^
no:1,fps:1747,+^
no:1,fps:1748,+^
no:1,fps:1749,+^
no:1,fps:1750,+^
no:1,fps:1751,+^
no:1,fps:1752,+^
no:1,fps:1753,+^
no:1,fps:1754,+^
no:1,fps:1755,+^
no:1,fps:1756,+^
no:1,fps:1757,+^
no:1,fps:1758,+^
no:1,fps:1759,+^
no:1,fps:1760,+^
no:1,fps:1761,+^
no:1,fps:1762,+^
no:1,fps:1763,+^
no:1,fps:1764,+^
no:1,fps:1765,+^
no:1,fps:1766,+^
no:1,fps:1767,+^
no:1,fps:1768,+^
no:1,fps:1769,+^
no:1,fps:1770,+^
no:1,fps:1771,+^
no:1,fps:1772,+^
no:1,fps:1773,+^
no:1,fps:1774,+^
no:1,fps:1775,+^
no:1,fps:1776,+^
no:1,fps:1777,+^
no:1,fps:1778,+^
no:1,fps:1779,+^
no:1,fps:1780,+^
no:1,fps:1781,+^
no:1,fps:1782,+^
no:1,fps:1783,+^
no:1,fps:1784,+^
no:1,fps:1785,+^
no:1,fps:1786,+^
no:1,fps:1787,+^
no:1,fps:1788,+^
no:1,fps:1789,+^
no:1,fps:1790,+^
no:1,fps:1791,+^
no:1,fps:1792,+^
no:1,fps:1793,+^
no:1,fps:1794,+^
no:1,fps:1795,+^
no:1,fps:1796,+^
no:1,fps:1797,+^
no:1,fps:1798,+^
no:1,fps:1799,+^
no:1,fps:1800,+^
no:1,fps:1801,+^
no:1,fps:1802,+^
no:1,fps:1803,+^
no:1,fps:1804,+^
no:1,fps:1805,+^
no:1,fps:1806,+^
no:1,fps:1807,left:1,right:1,stand:1,+^
no:1,fps:1808,+^
no:1,fps:1809,left:1,stand:1,+^
no:1,fps:1810,+^
no:1,fps:1811,+^
no:1,fps:1812,+^
no:1,fps:1813,+^
no:1,fps:1814,+^
no:1,fps:1815,+^
no:1,fps:1816,+^
no:1,fps:1817,+^
no:1,fps:1818,+^
no:1,fps:1819,+^
no:1,fps:1820,+^
no:1,fps:1821,+^
no:1,fps:1822,+^
no:1,fps:1823,+^
no:1,fps:1824,+^
no:1,fps:1825,+^
no:1,fps:1826,+^
no:1,fps:1827,+^
no:1,fps:1828,+^
no:1,fps:1829,+^
no:1,fps:1830,+^
no:1,fps:1831,+^
no:1,fps:1832,+^
no:1,fps:1833,+^
no:1,fps:1834,+^
no:1,fps:1835,+^
no:1,fps:1836,+^
no:1,fps:1837,+^
no:1,fps:1838,+^
no:1,fps:1839,+^
no:1,fps:1840,+^
no:1,fps:1841,+^
no:1,fps:1842,+^
no:1,fps:1843,+^
no:1,fps:1844,+^
no:1,fps:1845,+^
no:1,fps:1846,+^
no:1,fps:1847,+^
no:1,fps:1848,+^
no:1,fps:1849,+^
no:1,fps:1850,+^
no:1,fps:1851,+^
no:1,fps:1852,+^
no:1,fps:1853,+^
no:1,fps:1854,+^
no:1,fps:1855,+^
no:1,fps:1856,+^
no:1,fps:1857,+^
no:1,fps:1858,+^
no:1,fps:1859,+^
no:1,fps:1860,+^
no:1,fps:1861,+^
no:1,fps:1862,+^
no:1,fps:1863,+^
no:1,fps:1864,+^
no:1,fps:1865,+^
no:1,fps:1866,+^
no:1,fps:1867,+^
no:1,fps:1868,+^
no:1,fps:1869,+^
no:1,fps:1870,+^
no:1,fps:1871,+^
no:1,fps:1872,+^
no:1,fps:1873,+^
no:1,fps:1874,+^
no:1,fps:1875,+^
no:1,fps:1876,+^
no:1,fps:1877,+^
no:1,fps:1878,+^
no:1,fps:1879,+^
no:1,fps:1880,+^
no:1,fps:1881,+^
no:1,fps:1882,+^
no:1,fps:1883,+^
no:1,fps:1884,+^
no:1,fps:1885,+^
no:1,fps:1886,+^
no:1,fps:1887,+^
no:1,fps:1888,+^
no:1,fps:1889,+^
no:1,fps:1890,+^
no:1,fps:1891,+^
no:1,fps:1892,+^
no:1,fps:1893,+^
no:1,fps:1894,+^
no:1,fps:1895,+^
no:1,fps:1896,+^
no:1,fps:1897,+^
no:1,fps:1898,+^
no:1,fps:1899,+^
no:1,fps:1900,+^
no:1,fps:1901,+^
no:1,fps:1902,+^
no:1,fps:1903,+^
no:1,fps:1904,+^
no:1,fps:1905,+^
no:1,fps:1906,+^
no:1,fps:1907,+^
no:1,fps:1908,+^
no:1,fps:1909,+^
no:1,fps:1910,+^
no:1,fps:1911,+^
no:1,fps:1912,+^
no:1,fps:1913,+^
no:1,fps:1914,+^
no:1,fps:1915,+^
no:1,fps:1916,+^
no:1,fps:1917,+^
no:1,fps:1918,+^
no:1,fps:1919,+^
no:1,fps:1920,+^
no:1,fps:1921,+^
no:1,fps:1922,+^
no:1,fps:1923,+^
no:1,fps:1924,+^
no:1,fps:1925,+^
no:1,fps:1926,+^
no:1,fps:1927,+^
no:1,fps:1928,+^
no:1,fps:1929,+^
no:1,fps:1930,+^
no:1,fps:1931,+^
no:1,fps:1932,+^
no:1,fps:1933,+^
no:1,fps:1934,+^
no:1,fps:1935,+^
no:1,fps:1936,+^
no:1,fps:1937,+^
no:1,fps:1938,+^
no:1,fps:1939,+^
no:1,fps:1940,+^
no:1,fps:1941,+^
no:1,fps:1942,+^
no:1,fps:1943,+^
no:1,fps:1944,+^
no:1,fps:1945,+^
no:1,fps:1946,+^
no:1,fps:1947,+^
no:1,fps:1948,+^
no:1,fps:1949,+^
no:1,fps:1950,+^
no:1,fps:1951,+^
no:1,fps:1952,+^
no:1,fps:1953,+^
no:1,fps:1954,+^
no:1,fps:1955,+^
no:1,fps:1956,+^
no:1,fps:1957,+^
no:1,fps:1958,+^
no:1,fps:1959,+^
no:1,fps:1960,+^
no:1,fps:1961,+^
no:1,fps:1962,+^
no:1,fps:1963,+^
no:1,fps:1964,+^
no:1,fps:1965,+^
no:1,fps:1966,+^
no:1,fps:1967,+^
no:1,fps:1968,+^
no:1,fps:1969,+^
no:1,fps:1970,+^
no:1,fps:1971,+^
no:1,fps:1972,+^
no:1,fps:1973,+^
no:1,fps:1974,+^
no:1,fps:1975,+^
no:1,fps:1976,+^
no:1,fps:1977,+^
no:1,fps:1978,+^
no:1,fps:1979,+^
no:1,fps:1980,+^
no:1,fps:1981,+^
no:1,fps:1982,+^
no:1,fps:1983,+^
no:1,fps:1984,+^
no:1,fps:1985,+^
no:1,fps:1986,+^
no:1,fps:1987,+^
no:1,fps:1988,+^
no:1,fps:1989,+^
no:1,fps:1990,+^
no:1,fps:1991,+^
no:1,fps:1992,+^
no:1,fps:1993,+^
no:1,fps:1994,+^
no:1,fps:1995,+^
no:1,fps:1996,+^
no:1,fps:1997,+^
no:1,fps:1998,+^
no:1,fps:1999,+^
no:1,fps:2000,+^
no:1,fps:2001,+^
no:1,fps:2002,+^
no:1,fps:2003,+^
no:1,fps:2004,+^
no:1,fps:2005,+^
no:1,fps:2006,+^
no:1,fps:2007,+^
no:1,fps:2008,+^
no:1,fps:2009,+^
no:1,fps:2010,+^
no:1,fps:2011,+^
no:1,fps:2012,+^
no:1,fps:2013,+^
no:1,fps:2014,+^
no:1,fps:2015,+^
no:1,fps:2016,+^
no:1,fps:2017,+^
no:1,fps:2018,+^
no:1,fps:2019,+^
no:1,fps:2020,+^
no:1,fps:2021,+^
no:1,fps:2022,+^
no:1,fps:2023,+^
no:1,fps:2024,+^
no:1,fps:2025,+^
no:1,fps:2026,+^
no:1,fps:2027,+^
no:1,fps:2028,+^
no:1,fps:2029,+^
no:1,fps:2030,+^
no:1,fps:2031,+^
no:1,fps:2032,+^
no:1,fps:2033,+^
no:1,fps:2034,+^
no:1,fps:2035,+^
no:1,fps:2036,+^
no:1,fps:2037,+^
no:1,fps:2038,+^
no:1,fps:2039,+^
no:1,fps:2040,+^
no:1,fps:2041,+^
no:1,fps:2042,+^
no:1,fps:2043,+^
no:1,fps:2044,+^
no:1,fps:2045,+^
no:1,fps:2046,+^
no:1,fps:2047,+^
no:1,fps:2048,+^
no:1,fps:2049,+^
no:1,fps:2050,+^
no:1,fps:2051,+^
no:1,fps:2052,+^
no:1,fps:2053,+^
no:1,fps:2054,+^
no:1,fps:2055,+^
no:1,fps:2056,+^
no:1,fps:2057,+^
no:1,fps:2058,+^
no:1,fps:2059,+^
no:1,fps:2060,+^
no:1,fps:2061,+^
no:1,fps:2062,+^
no:1,fps:2063,+^
no:1,fps:2064,+^
no:1,fps:2065,+^
no:1,fps:2066,+^
no:1,fps:2067,+^
no:1,fps:2068,+^
no:1,fps:2069,+^
no:1,fps:2070,+^
no:1,fps:2071,+^
no:1,fps:2072,+^
no:1,fps:2073,+^
no:1,fps:2074,+^
no:1,fps:2075,+^
no:1,fps:2076,+^
no:1,fps:2077,+^
no:1,fps:2078,+^
no:1,fps:2079,+^
no:1,fps:2080,+^
no:1,fps:2081,+^
no:1,fps:2082,+^
no:1,fps:2083,+^
no:1,fps:2084,+^
no:1,fps:2085,+^
no:1,fps:2086,+^
no:1,fps:2087,+^
no:1,fps:2088,+^
no:1,fps:2089,+^
no:1,fps:2090,+^
no:1,fps:2091,+^
no:1,fps:2092,+^
no:1,fps:2093,+^
no:1,fps:2094,+^
no:1,fps:2095,+^
no:1,fps:2096,+^
no:1,fps:2097,+^
no:1,fps:2098,+^
no:1,fps:2099,+^
no:1,fps:2100,+^
no:1,fps:2101,+^
no:1,fps:2102,+^
no:1,fps:2103,+^
no:1,fps:2104,+^
no:1,fps:2105,+^
no:1,fps:2106,+^
no:1,fps:2107,+^
no:1,fps:2108,+^
no:1,fps:2109,+^
no:1,fps:2110,+^
no:1,fps:2111,+^
no:1,fps:2112,+^
no:1,fps:2113,+^
no:1,fps:2114,+^
no:1,fps:2115,+^
no:1,fps:2116,+^
no:1,fps:2117,+^
no:1,fps:2118,+^
no:1,fps:2119,+^
no:1,fps:2120,+^
no:1,fps:2121,+^
no:1,fps:2122,+^
no:1,fps:2123,+^
no:1,fps:2124,+^
no:1,fps:2125,+^
no:1,fps:2126,+^
no:1,fps:2127,+^
no:1,fps:2128,+^
no:1,fps:2129,+^
no:1,fps:2130,+^
no:1,fps:2131,+^
no:1,fps:2132,+^
no:1,fps:2133,+^
no:1,fps:2134,+^
no:1,fps:2135,+^
no:1,fps:2136,+^
no:1,fps:2137,+^
no:1,fps:2138,+^
no:1,fps:2139,+^
no:1,fps:2140,+^
no:1,fps:2141,+^
no:1,fps:2142,+^
no:1,fps:2143,+^
no:1,fps:2144,+^
no:1,fps:2145,+^
no:1,fps:2146,+^
no:1,fps:2147,+^
no:1,fps:2148,+^
no:1,fps:2149,+^
no:1,fps:2150,+^
no:1,fps:2151,+^
no:1,fps:2152,+^
no:1,fps:2153,+^
no:1,fps:2154,+^
no:1,fps:2155,+^
no:1,fps:2156,+^
no:1,fps:2157,+^
no:1,fps:2158,+^
no:1,fps:2159,+^
no:1,fps:2160,+^
no:1,fps:2161,+^
no:1,fps:2162,+^
no:1,fps:2163,+^
no:1,fps:2164,+^
no:1,fps:2165,+^
no:1,fps:2166,+^
no:1,fps:2167,+^
no:1,fps:2168,+^
no:1,fps:2169,+^
no:1,fps:2170,+^
no:1,fps:2171,+^
no:1,fps:2172,+^
no:1,fps:2173,+^
no:1,fps:2174,+^
no:1,fps:2175,+^
no:1,fps:2176,+^
no:1,fps:2177,+^
no:1,fps:2178,+^
no:1,fps:2179,+^
no:1,fps:2180,+^
no:1,fps:2181,+^
no:1,fps:2182,+^
no:1,fps:2183,+^
no:1,fps:2184,+^
no:1,fps:2185,+^
no:1,fps:2186,+^
no:1,fps:2187,+^
no:1,fps:2188,+^
no:1,fps:2189,+^
no:1,fps:2190,+^
no:1,fps:2191,+^
no:1,fps:2192,+^
no:1,fps:2193,+^
no:1,fps:2194,+^
no:1,fps:2195,+^
no:1,fps:2196,+^
no:1,fps:2197,+^
no:1,fps:2198,+^
no:1,fps:2199,+^
no:1,fps:2200,+^
no:1,fps:2201,+^
no:1,fps:2202,+^
no:1,fps:2203,+^
no:1,fps:2204,+^
no:1,fps:2205,+^
no:1,fps:2206,+^
no:1,fps:2207,+^
no:1,fps:2208,+^
no:1,fps:2209,+^
no:1,fps:2210,+^
no:1,fps:2211,+^
no:1,fps:2212,+^
no:1,fps:2213,+^
no:1,fps:2214,+^
no:1,fps:2215,+^
no:1,fps:2216,+^
no:1,fps:2217,+^
no:1,fps:2218,+^
no:1,fps:2219,+^
no:1,fps:2220,+^
no:1,fps:2221,+^
no:1,fps:2222,+^
no:1,fps:2223,+^
no:1,fps:2224,+^
no:1,fps:2225,+^
no:1,fps:2226,+^
no:1,fps:2227,+^
no:1,fps:2228,+^
no:1,fps:2229,+^
no:1,fps:2230,+^
no:1,fps:2231,+^
no:1,fps:2232,+^
no:1,fps:2233,+^
no:1,fps:2234,+^
no:1,fps:2235,+^
no:1,fps:2236,+^
no:1,fps:2237,+^
no:1,fps:2238,+^
no:1,fps:2239,+^
no:1,fps:2240,+^
no:1,fps:2241,+^
no:1,fps:2242,+^
no:1,fps:2243,+^
no:1,fps:2244,+^
no:1,fps:2245,+^
no:1,fps:2246,+^
no:1,fps:2247,+^
no:1,fps:2248,+^
no:1,fps:2249,+^
no:1,fps:2250,+^
no:1,fps:2251,+^
no:1,fps:2252,+^
no:1,fps:2253,+^
no:1,fps:2254,+^
no:1,fps:2255,+^
no:1,fps:2256,+^
no:1,fps:2257,+^
no:1,fps:2258,+^
no:1,fps:2259,+^
no:1,fps:2260,+^
no:1,fps:2261,+^
no:1,fps:2262,+^
no:1,fps:2263,+^
no:1,fps:2264,+^
no:1,fps:2265,+^
no:1,fps:2266,+^
no:1,fps:2267,+^
no:1,fps:2268,+^
no:1,fps:2269,+^
no:1,fps:2270,+^
no:1,fps:2271,+^
no:1,fps:2272,+^
no:1,fps:2273,+^
no:1,fps:2274,+^
no:1,fps:2275,+^
no:1,fps:2276,+^
no:1,fps:2277,+^
no:1,fps:2278,+^
no:1,fps:2279,+^
no:1,fps:2280,+^
no:1,fps:2281,+^
no:1,fps:2282,+^
no:1,fps:2283,+^
no:1,fps:2284,+^
no:1,fps:2285,+^
no:1,fps:2286,+^
no:1,fps:2287,+^
no:1,fps:2288,+^
no:1,fps:2289,+^
no:1,fps:2290,+^
no:1,fps:2291,+^
no:1,fps:2292,+^
no:1,fps:2293,+^
no:1,fps:2294,+^
no:1,fps:2295,+^
no:1,fps:2296,+^
no:1,fps:2297,+^
no:1,fps:2298,+^
no:1,fps:2299,+^
no:1,fps:2300,+^
no:1,fps:2301,+^
no:1,fps:2302,+^
no:1,fps:2303,+^
no:1,fps:2304,+^
no:1,fps:2305,+^
no:1,fps:2306,+^
no:1,fps:2307,+^
no:1,fps:2308,+^
no:1,fps:2309,+^
no:1,fps:2310,+^
no:1,fps:2311,+^
no:1,fps:2312,+^
no:1,fps:2313,+^
no:1,fps:2314,+^
no:1,fps:2315,+^
no:1,fps:2316,+^
no:1,fps:2317,+^
no:1,fps:2318,+^
no:1,fps:2319,+^
no:1,fps:2320,+^
no:1,fps:2321,+^
no:1,fps:2322,+^
no:1,fps:2323,+^
no:1,fps:2324,+^
no:1,fps:2325,+^
no:1,fps:2326,+^
no:1,fps:2327,+^
no:1,fps:2328,+^
no:1,fps:2329,+^
no:1,fps:2330,+^
no:1,fps:2331,+^
no:1,fps:2332,+^
no:1,fps:2333,+^
no:1,fps:2334,+^
no:1,fps:2335,+^
no:1,fps:2336,+^
no:1,fps:2337,+^
no:1,fps:2338,+^
no:1,fps:2339,+^
no:1,fps:2340,+^
no:1,fps:2341,+^
no:1,fps:2342,+^
no:1,fps:2343,+^
no:1,fps:2344,+^
no:1,fps:2345,+^
no:1,fps:2346,+^
no:1,fps:2347,+^
no:1,fps:2348,+^
no:1,fps:2349,+^
no:1,fps:2350,+^
no:1,fps:2351,+^
no:1,fps:2352,+^
no:1,fps:2353,+^
no:1,fps:2354,+^
no:1,fps:2355,+^
no:1,fps:2356,+^
no:1,fps:2357,+^
no:1,fps:2358,+^
no:1,fps:2359,+^
no:1,fps:2360,+^
no:1,fps:2361,+^
no:1,fps:2362,+^
no:1,fps:2363,+^
no:1,fps:2364,+^
no:1,fps:2365,+^
no:1,fps:2366,+^
no:1,fps:2367,+^
no:1,fps:2368,+^
no:1,fps:2369,+^
no:1,fps:2370,+^
no:1,fps:2371,+^
no:1,fps:2372,+^
no:1,fps:2373,+^
no:1,fps:2374,+^
no:1,fps:2375,+^
no:1,fps:2376,+^
no:1,fps:2377,+^
no:1,fps:2378,+^
no:1,fps:2379,+^
no:1,fps:2380,+^
no:1,fps:2381,+^
no:1,fps:2382,+^
no:1,fps:2383,+^
no:1,fps:2384,+^
no:1,fps:2385,+^
no:1,fps:2386,+^
no:1,fps:2387,+^
no:1,fps:2388,+^
no:1,fps:2389,+^
no:1,fps:2390,+^
no:1,fps:2391,+^
no:1,fps:2392,+^
no:1,fps:2393,+^
no:1,fps:2394,+^
no:1,fps:2395,+^
no:1,fps:2396,+^
no:1,fps:2397,+^
no:1,fps:2398,+^
no:1,fps:2399,+^
no:1,fps:2400,+^
no:1,fps:2401,+^
no:1,fps:2402,+^
no:1,fps:2403,+^
no:1,fps:2404,+^
no:1,fps:2405,+^
no:1,fps:2406,+^
no:1,fps:2407,+^
no:1,fps:2408,+^
no:1,fps:2409,+^
no:1,fps:2410,+^
no:1,fps:2411,+^
no:1,fps:2412,+^
no:1,fps:2413,+^
no:1,fps:2414,+^
no:1,fps:2415,+^
no:1,fps:2416,+^
no:1,fps:2417,+^
no:1,fps:2418,+^
no:1,fps:2419,+^
no:1,fps:2420,+^
no:1,fps:2421,+^
no:1,fps:2422,+^
no:1,fps:2423,+^
no:1,fps:2424,+^
no:1,fps:2425,+^
no:1,fps:2426,+^
no:1,fps:2427,+^
no:1,fps:2428,+^
no:1,fps:2429,+^
no:1,fps:2430,+^
no:1,fps:2431,+^
no:1,fps:2432,+^
no:1,fps:2433,+^
no:1,fps:2434,+^
no:1,fps:2435,+^
no:1,fps:2436,+^
no:1,fps:2437,+^
no:1,fps:2438,+^
no:1,fps:2439,+^
no:1,fps:2440,+^
no:1,fps:2441,+^
no:1,fps:2442,+^
no:1,fps:2443,+^
no:1,fps:2444,+^
no:1,fps:2445,+^
no:1,fps:2446,+^
no:1,fps:2447,+^
no:1,fps:2448,+^
no:1,fps:2449,+^
no:1,fps:2450,+^
no:1,fps:2451,+^
no:1,fps:2452,+^
no:1,fps:2453,+^
no:1,fps:2454,+^
no:1,fps:2455,+^
no:1,fps:2456,+^
no:1,fps:2457,+^
no:1,fps:2458,+^
no:1,fps:2459,+^
no:1,fps:2460,+^
no:1,fps:2461,+^
no:1,fps:2462,+^
no:1,fps:2463,+^
no:1,fps:2464,+^
no:1,fps:2465,+^
no:1,fps:2466,+^
no:1,fps:2467,+^
no:1,fps:2468,+^
no:1,fps:2469,+^
no:1,fps:2470,+^
no:1,fps:2471,+^
no:1,fps:2472,+^
no:1,fps:2473,+^
no:1,fps:2474,+^
no:1,fps:2475,+^
no:1,fps:2476,+^
no:1,fps:2477,+^
no:1,fps:2478,+^
no:1,fps:2479,+^
no:1,fps:2480,+^
no:1,fps:2481,+^
no:1,fps:2482,+^
no:1,fps:2483,+^
no:1,fps:2484,+^
no:1,fps:2485,+^
no:1,fps:2486,+^
no:1,fps:2487,+^
no:1,fps:2488,+^
no:1,fps:2489,+^
no:1,fps:2490,+^
no:1,fps:2491,+^
no:1,fps:2492,+^
no:1,fps:2493,+^
no:1,fps:2494,+^
no:1,fps:2495,+^
no:1,fps:2496,+^
no:1,fps:2497,+^
no:1,fps:2498,+^
no:1,fps:2499,+^
no:1,fps:2500,+^
no:1,fps:2501,+^
no:1,fps:2502,+^
no:1,fps:2503,+^
no:1,fps:2504,+^
no:1,fps:2505,+^
no:1,fps:2506,+^
no:1,fps:2507,+^
no:1,fps:2508,+^
no:1,fps:2509,+^
no:1,fps:2510,+^
no:1,fps:2511,+^
no:1,fps:2512,+^
no:1,fps:2513,+^
no:1,fps:2514,+^
no:1,fps:2515,+^
no:1,fps:2516,+^
no:1,fps:2517,+^
no:1,fps:2518,+^
no:1,fps:2519,+^
no:1,fps:2520,+^
no:1,fps:2521,+^
no:1,fps:2522,+^
no:1,fps:2523,+^
no:1,fps:2524,+^
no:1,fps:2525,+^
no:1,fps:2526,+^
no:1,fps:2527,+^
no:1,fps:2528,+^
no:1,fps:2529,+^
no:1,fps:2530,+^
no:1,fps:2531,+^
no:1,fps:2532,+^
no:1,fps:2533,+^
no:1,fps:2534,+^
no:1,fps:2535,+^
no:1,fps:2536,+^
no:1,fps:2537,+^
no:1,fps:2538,+^
no:1,fps:2539,+^
no:1,fps:2540,+^
no:1,fps:2541,+^
no:1,fps:2542,+^
no:1,fps:2543,+^
no:1,fps:2544,+^
no:1,fps:2545,+^
no:1,fps:2546,+^
no:1,fps:2547,+^
no:1,fps:2548,+^
no:1,fps:2549,+^
no:1,fps:2550,+^
no:1,fps:2551,+^
no:1,fps:2552,+^
no:1,fps:2553,+^
no:1,fps:2554,+^
no:1,fps:2555,+^
no:1,fps:2556,+^
no:1,fps:2557,+^
no:1,fps:2558,+^
no:1,fps:2559,+^
no:1,fps:2560,+^
no:1,fps:2561,+^
no:1,fps:2562,+^
no:1,fps:2563,+^
no:1,fps:2564,+^
no:1,fps:2565,+^
no:1,fps:2566,+^
no:1,fps:2567,+^
no:1,fps:2568,+^
no:1,fps:2569,+^
no:1,fps:2570,+^
no:1,fps:2571,+^
no:1,fps:2572,+^
no:1,fps:2573,+^
no:1,fps:2574,+^
no:1,fps:2575,+^
no:1,fps:2576,+^
no:1,fps:2577,+^
no:1,fps:2578,+^
no:1,fps:2579,+^
no:1,fps:2580,+^
no:1,fps:2581,+^
no:1,fps:2582,+^
no:1,fps:2583,+^
no:1,fps:2584,+^
no:1,fps:2585,+^
no:1,fps:2586,+^
no:1,fps:2587,+^
no:1,fps:2588,+^
no:1,fps:2589,+^
no:1,fps:2590,+^
no:1,fps:2591,+^
no:1,fps:2592,+^
no:1,fps:2593,+^
no:1,fps:2594,+^
no:1,fps:2595,+^
no:1,fps:2596,+^
no:1,fps:2597,+^
no:1,fps:2598,+^
no:1,fps:2599,+^
no:1,fps:2600,+^
no:1,fps:2601,+^
no:1,fps:2602,+^
no:1,fps:2603,+^
no:1,fps:2604,+^
no:1,fps:2605,+^
no:1,fps:2606,+^
no:1,fps:2607,+^
no:1,fps:2608,+^
no:1,fps:2609,+^
no:1,fps:2610,+^
no:1,fps:2611,+^
no:1,fps:2612,+^
no:1,fps:2613,+^
no:1,fps:2614,+^
no:1,fps:2615,+^
no:1,fps:2616,+^
no:1,fps:2617,+^
no:1,fps:2618,+^
no:1,fps:2619,+^
no:1,fps:2620,+^
no:1,fps:2621,+^
no:1,fps:2622,+^
no:1,fps:2623,+^
no:1,fps:2624,+^
no:1,fps:2625,+^
no:1,fps:2626,+^
no:1,fps:2627,+^
no:1,fps:2628,+^
no:1,fps:2629,+^
no:1,fps:2630,+^
no:1,fps:2631,+^
no:1,fps:2632,+^
no:1,fps:2633,+^
no:1,fps:2634,+^
no:1,fps:2635,+^
no:1,fps:2636,+^
no:1,fps:2637,+^
no:1,fps:2638,+^
no:1,fps:2639,+^
no:1,fps:2640,+^
no:1,fps:2641,+^
no:1,fps:2642,+^
no:1,fps:2643,+^
no:1,fps:2644,+^
no:1,fps:2645,+^
no:1,fps:2646,+^
no:1,fps:2647,+^
no:1,fps:2648,+^
no:1,fps:2649,+^
no:1,fps:2650,+^
no:1,fps:2651,+^
no:1,fps:2652,+^
no:1,fps:2653,+^
no:1,fps:2654,+^
no:1,fps:2655,+^
no:1,fps:2656,+^
no:1,fps:2657,+^
no:1,fps:2658,+^
no:1,fps:2659,+^
no:1,fps:2660,+^
no:1,fps:2661,+^
no:1,fps:2662,+^
no:1,fps:2663,+^
no:1,fps:2664,+^
no:1,fps:2665,+^
no:1,fps:2666,+^
no:1,fps:2667,+^
no:1,fps:2668,+^
no:1,fps:2669,+^
no:1,fps:2670,+^
no:1,fps:2671,+^
no:1,fps:2672,+^
no:1,fps:2673,+^
no:1,fps:2674,+^
no:1,fps:2675,+^
no:1,fps:2676,+^
no:1,fps:2677,+^
no:1,fps:2678,+^
no:1,fps:2679,+^
no:1,fps:2680,+^
no:1,fps:2681,+^
no:1,fps:2682,+^
no:1,fps:2683,+^
no:1,fps:2684,+^
no:1,fps:2685,+^
no:1,fps:2686,+^
no:1,fps:2687,+^
no:1,fps:2688,+^
no:1,fps:2689,+^
no:1,fps:2690,+^
no:1,fps:2691,+^
no:1,fps:2692,+^
no:1,fps:2693,+^
no:1,fps:2694,+^
no:1,fps:2695,+^
no:1,fps:2696,+^
no:1,fps:2697,+^
no:1,fps:2698,+^
no:1,fps:2699,+^
no:1,fps:2700,+^
no:1,fps:2701,+^
no:1,fps:2702,+^
no:1,fps:2703,+^
no:1,fps:2704,+^
no:1,fps:2705,+^
no:1,fps:2706,+^
no:1,fps:2707,+^
no:1,fps:2708,+^
no:1,fps:2709,+^
no:1,fps:2710,+^
no:1,fps:2711,+^
no:1,fps:2712,+^
no:1,fps:2713,+^
no:1,fps:2714,+^
no:1,fps:2715,+^
no:1,fps:2716,+^
no:1,fps:2717,+^
no:1,fps:2718,+^
no:1,fps:2719,+^
no:1,fps:2720,+^
no:1,fps:2721,+^
no:1,fps:2722,+^
no:1,fps:2723,+^
no:1,fps:2724,+^
no:1,fps:2725,+^
no:1,fps:2726,+^
no:1,fps:2727,+^
no:1,fps:2728,+^
no:1,fps:2729,+^
no:1,fps:2730,+^
no:1,fps:2731,+^
no:1,fps:2732,+^
no:1,fps:2733,+^
no:1,fps:2734,+^
no:1,fps:2735,+^
no:1,fps:2736,+^
no:1,fps:2737,+^
no:1,fps:2738,+^
no:1,fps:2739,+^
no:1,fps:2740,+^
no:1,fps:2741,+^
no:1,fps:2742,+^
no:1,fps:2743,+^
no:1,fps:2744,+^
no:1,fps:2745,+^
no:1,fps:2746,+^
no:1,fps:2747,+^
no:1,fps:2748,+^
no:1,fps:2749,+^
no:1,fps:2750,+^
no:1,fps:2751,+^
no:1,fps:2752,+^
no:1,fps:2753,+^
no:1,fps:2754,+^
no:1,fps:2755,+^
no:1,fps:2756,+^
no:1,fps:2757,+^
no:1,fps:2758,+^
no:1,fps:2759,+^
no:1,fps:2760,+^
no:1,fps:2761,+^
no:1,fps:2762,+^
no:1,fps:2763,+^
no:1,fps:2764,+^
no:1,fps:2765,+^
no:1,fps:2766,+^
no:1,fps:2767,+^
no:1,fps:2768,+^
no:1,fps:2769,+^
no:1,fps:2770,+^
no:1,fps:2771,+^
no:1,fps:2772,+^
no:1,fps:2773,+^
no:1,fps:2774,+^
no:1,fps:2775,+^
no:1,fps:2776,+^
no:1,fps:2777,+^
no:1,fps:2778,+^
no:1,fps:2779,+^
no:1,fps:2780,+^
no:1,fps:2781,+^
no:1,fps:2782,+^
no:1,fps:2783,+^
no:1,fps:2784,+^
no:1,fps:2785,+^
no:1,fps:2786,+^
no:1,fps:2787,+^
no:1,fps:2788,+^
no:1,fps:2789,+^
no:1,fps:2790,+^
no:1,fps:2791,+^
no:1,fps:2792,+^
no:1,fps:2793,+^
no:1,fps:2794,+^
no:1,fps:2795,+^
no:1,fps:2796,+^
no:1,fps:2797,+^
no:1,fps:2798,+^
no:1,fps:2799,+^
no:1,fps:2800,+^
no:1,fps:2801,+^
no:1,fps:2802,+^
no:1,fps:2803,+^
no:1,fps:2804,+^
no:1,fps:2805,+^
no:1,fps:2806,+^
no:1,fps:2807,+^
no:1,fps:2808,+^
no:1,fps:2809,+^
no:1,fps:2810,+^
no:1,fps:2811,+^
no:1,fps:2812,+^
no:1,fps:2813,+^
no:1,fps:2814,+^
no:1,fps:2815,+^
no:1,fps:2816,+^
no:1,fps:2817,+^
no:1,fps:2818,+^
no:1,fps:2819,+^
no:1,fps:2820,+^
no:1,fps:2821,+^
no:1,fps:2822,+^
no:1,fps:2823,+^
no:1,fps:2824,+^
no:1,fps:2825,+^
no:1,fps:2826,+^
no:1,fps:2827,+^
no:1,fps:2828,+^
no:1,fps:2829,+^
no:1,fps:2830,+^
no:1,fps:2831,+^
no:1,fps:2832,+^
no:1,fps:2833,+^
no:1,fps:2834,+^
no:1,fps:2835,+^
no:1,fps:2836,+^
no:1,fps:2837,+^
no:1,fps:2838,+^
no:1,fps:2839,+^
no:1,fps:2840,+^
no:1,fps:2841,+^
no:1,fps:2842,+^
no:1,fps:2843,+^
no:1,fps:2844,+^
no:1,fps:2845,+^
no:1,fps:2846,+^
no:1,fps:2847,+^
no:1,fps:2848,+^
no:1,fps:2849,+^
no:1,fps:2850,+^
no:1,fps:2851,+^
no:1,fps:2852,+^
no:1,fps:2853,+^
no:1,fps:2854,+^
no:1,fps:2855,+^
no:1,fps:2856,+^
no:1,fps:2857,+^
no:1,fps:2858,+^
no:1,fps:2859,+^
no:1,fps:2860,+^
no:1,fps:2861,+^
no:1,fps:2862,+^
no:1,fps:2863,+^
no:1,fps:2864,+^
no:1,fps:2865,+^
no:1,fps:2866,+^
no:1,fps:2867,+^
no:1,fps:2868,+^
no:1,fps:2869,+^
no:1,fps:2870,+^
no:1,fps:2871,+^
no:1,fps:2872,+^
no:1,fps:2873,+^
no:1,fps:2874,+^
no:1,fps:2875,+^
no:1,fps:2876,+^
no:1,fps:2877,+^
no:1,fps:2878,+^
no:1,fps:2879,+^
no:1,fps:2880,+^
no:1,fps:2881,+^
no:1,fps:2882,+^
no:1,fps:2883,+^
no:1,fps:2884,+^
no:1,fps:2885,+^
no:1,fps:2886,+^
no:1,fps:2887,+^
no:1,fps:2888,+^
no:1,fps:2889,+^
no:1,fps:2890,+^
no:1,fps:2891,+^
no:1,fps:2892,+^
no:1,fps:2893,+^
no:1,fps:2894,+^
no:1,fps:2895,+^
no:1,fps:2896,+^
no:1,fps:2897,+^
no:1,fps:2898,+^
no:1,fps:2899,+^
no:1,fps:2900,+^
no:1,fps:2901,+^
no:1,fps:2902,+^
no:1,fps:2903,+^
no:1,fps:2904,+^
no:1,fps:2905,+^
no:1,fps:2906,+^
no:1,fps:2907,+^
no:1,fps:2908,+^
no:1,fps:2909,+^
no:1,fps:2910,+^
no:1,fps:2911,+^
no:1,fps:2912,+^
no:1,fps:2913,+^
no:1,fps:2914,+^
no:1,fps:2915,+^
no:1,fps:2916,+^
no:1,fps:2917,+^
no:1,fps:2918,+^
no:1,fps:2919,+^
no:1,fps:2920,+^
no:1,fps:2921,+^
no:1,fps:2922,+^
no:1,fps:2923,+^
no:1,fps:2924,+^
no:1,fps:2925,+^
no:1,fps:2926,+^
no:1,fps:2927,+^
no:1,fps:2928,+^
no:1,fps:2929,+^
no:1,fps:2930,+^
no:1,fps:2931,+^
no:1,fps:2932,+^
no:1,fps:2933,+^
no:1,fps:2934,+^
no:1,fps:2935,+^
no:1,fps:2936,+^
no:1,fps:2937,+^
no:1,fps:2938,+^
no:1,fps:2939,+^
no:1,fps:2940,+^
no:1,fps:2941,+^
no:1,fps:2942,+^
no:1,fps:2943,+^
no:1,fps:2944,+^
no:1,fps:2945,+^
no:1,fps:2946,+^
no:1,fps:2947,+^
no:1,fps:2948,+^
no:1,fps:2949,+^
no:1,fps:2950,+^
no:1,fps:2951,+^
no:1,fps:2952,+^
no:1,fps:2953,+^
no:1,fps:2954,+^
no:1,fps:2955,+^
no:1,fps:2956,+^
no:1,fps:2957,+^
no:1,fps:2958,+^
no:1,fps:2959,+^
no:1,fps:2960,+^
no:1,fps:2961,+^
no:1,fps:2962,+^
no:1,fps:2963,+^
no:1,fps:2964,+^
no:1,fps:2965,+^
no:1,fps:2966,+^
no:1,fps:2967,+^
no:1,fps:2968,+^
no:1,fps:2969,+^
no:1,fps:2970,+^
no:1,fps:2971,+^
no:1,fps:2972,+^
no:1,fps:2973,+^
no:1,fps:2974,+^
no:1,fps:2975,+^
no:1,fps:2976,+^
no:1,fps:2977,+^
no:1,fps:2978,+^
no:1,fps:2979,+^
no:1,fps:2980,+^
no:1,fps:2981,+^
no:1,fps:2982,+^
no:1,fps:2983,+^
no:1,fps:2984,+^
no:1,fps:2985,+^
no:1,fps:2986,+^
no:1,fps:2987,+^
no:1,fps:2988,+^
no:1,fps:2989,+^
no:1,fps:2990,+^
no:1,fps:2991,+^
no:1,fps:2992,+^
no:1,fps:2993,+^
no:1,fps:2994,+^
no:1,fps:2995,+^
no:1,fps:2996,+^
no:1,fps:2997,+^
no:1,fps:2998,+^
no:1,fps:2999,+^
no:1,fps:3000,+^
no:1,fps:3001,+^
no:1,fps:3002,+^
no:1,fps:3003,+^
no:1,fps:3004,+^
no:1,fps:3005,+^
no:1,fps:3006,+^
no:1,fps:3007,+^
no:1,fps:3008,+^
no:1,fps:3009,+^
no:1,fps:3010,+^
no:1,fps:3011,+^
no:1,fps:3012,+^
no:1,fps:3013,+^
no:1,fps:3014,+^
no:1,fps:3015,+^
no:1,fps:3016,+^
no:1,fps:3017,+^
no:1,fps:3018,+^
no:1,fps:3019,+^
no:1,fps:3020,+^
no:1,fps:3021,+^
no:1,fps:3022,+^
no:1,fps:3023,+^
no:1,fps:3024,+^
no:1,fps:3025,+^
no:1,fps:3026,+^
no:1,fps:3027,+^
no:1,fps:3028,+^
no:1,fps:3029,+^
no:1,fps:3030,+^
no:1,fps:3031,+^
no:1,fps:3032,+^
no:1,fps:3033,+^
no:1,fps:3034,+^
no:1,fps:3035,+^
no:1,fps:3036,+^
no:1,fps:3037,+^
no:1,fps:3038,+^
no:1,fps:3039,+^
no:1,fps:3040,+^
no:1,fps:3041,+^
no:1,fps:3042,+^
no:1,fps:3043,+^
no:1,fps:3044,+^
no:1,fps:3045,+^
no:1,fps:3046,+^
no:1,fps:3047,+^
no:1,fps:3048,+^
no:1,fps:3049,+^
no:1,fps:3050,+^
no:1,fps:3051,+^
no:1,fps:3052,+^
no:1,fps:3053,+^
no:1,fps:3054,+^
no:1,fps:3055,+^
no:1,fps:3056,+^
no:1,fps:3057,+^
no:1,fps:3058,+^
no:1,fps:3059,+^
no:1,fps:3060,+^
no:1,fps:3061,+^
no:1,fps:3062,+^
no:1,fps:3063,+^
no:1,fps:3064,+^
no:1,fps:3065,+^
no:1,fps:3066,+^
no:1,fps:3067,+^
no:1,fps:3068,+^
no:1,fps:3069,+^
no:1,fps:3070,+^
no:1,fps:3071,+^
no:1,fps:3072,+^
no:1,fps:3073,+^
no:1,fps:3074,+^
no:1,fps:3075,+^
no:1,fps:3076,+^
no:1,fps:3077,+^
no:1,fps:3078,+^
no:1,fps:3079,+^
no:1,fps:3080,+^
no:1,fps:3081,+^
no:1,fps:3082,+^
no:1,fps:3083,+^
no:1,fps:3084,+^
no:1,fps:3085,+^
no:1,fps:3086,+^
no:1,fps:3087,+^
no:1,fps:3088,+^
no:1,fps:3089,+^
no:1,fps:3090,+^
no:1,fps:3091,+^
no:1,fps:3092,+^
no:1,fps:3093,+^
no:1,fps:3094,+^
no:1,fps:3095,+^
no:1,fps:3096,+^
no:1,fps:3097,+^
no:1,fps:3098,+^
no:1,fps:3099,+^
no:1,fps:3100,+^
no:1,fps:3101,+^
no:1,fps:3102,+^
no:1,fps:3103,+^
no:1,fps:3104,+^
no:1,fps:3105,+^
no:1,fps:3106,+^
no:1,fps:3107,+^
no:1,fps:3108,+^
no:1,fps:3109,+^
no:1,fps:3110,+^
no:1,fps:3111,+^
no:1,fps:3112,+^
no:1,fps:3113,+^
no:1,fps:3114,+^
no:1,fps:3115,+^
no:1,fps:3116,+^
no:1,fps:3117,+^
no:1,fps:3118,+^
no:1,fps:3119,+^
no:1,fps:3120,+^
no:1,fps:3121,+^
no:1,fps:3122,+^
no:1,fps:3123,+^
no:1,fps:3124,+^
no:1,fps:3125,+^
no:1,fps:3126,right:1,+^
no:1,fps:3127,right:1,+^
no:1,fps:3128,right:1,+^
no:1,fps:3129,right:1,+^
no:1,fps:3130,right:1,+^
no:1,fps:3131,right:1,+^
no:1,fps:3132,right:1,+^
no:1,fps:3133,right:1,+^
no:1,fps:3134,right:1,+^
no:1,fps:3135,right:1,+^
no:1,fps:3136,right:1,+^
no:1,fps:3137,right:1,+^
no:1,fps:3138,right:1,+^
no:1,fps:3139,right:1,+^
no:1,fps:3140,right:1,+^
no:1,fps:3141,right:1,+^
no:1,fps:3142,right:1,+^
no:1,fps:3143,right:1,+^
no:1,fps:3144,right:1,jump:1,+^
no:1,fps:3145,right:1,+^
no:1,fps:3146,right:1,+^
no:1,fps:3147,right:1,+^
no:1,fps:3148,right:1,+^
no:1,fps:3149,right:1,+^
no:1,fps:3150,right:1,+^
no:1,fps:3151,right:1,+^
no:1,fps:3152,right:1,+^
no:1,fps:3153,right:1,+^
no:1,fps:3154,right:1,+^
no:1,fps:3155,right:1,+^
no:1,fps:3156,right:1,+^
no:1,fps:3157,right:1,+^
no:1,fps:3158,right:1,+^
no:1,fps:3159,right:1,+^
no:1,fps:3160,right:1,+^
no:1,fps:3161,right:1,+^
no:1,fps:3162,right:1,+^
no:1,fps:3163,right:1,jump:1,+^
no:1,fps:3164,right:1,+^
no:1,fps:3165,right:1,+^
no:1,fps:3166,right:1,+^
no:1,fps:3167,right:1,+^
no:1,fps:3168,right:1,+^
no:1,fps:3169,right:1,+^
no:1,fps:3170,right:1,+^
no:1,fps:3171,right:1,+^
no:1,fps:3172,right:1,+^
no:1,fps:3173,right:1,+^
no:1,fps:3174,right:1,+^
no:1,fps:3175,right:1,+^
no:1,fps:3176,right:1,+^
no:1,fps:3177,right:1,+^
no:1,fps:3178,right:1,+^
no:1,fps:3179,right:1,+^
no:1,fps:3180,right:1,+^
no:1,fps:3181,right:1,+^
no:1,fps:3182,right:1,+^
no:1,fps:3183,right:1,+^
no:1,fps:3184,right:1,+^
no:1,fps:3185,right:1,+^
no:1,fps:3186,right:1,+^
no:1,fps:3187,right:1,+^
no:1,fps:3188,right:1,+^
no:1,fps:3189,right:1,+^
no:1,fps:3190,right:1,+^
no:1,fps:3191,right:1,+^
no:1,fps:3192,right:1,+^
no:1,fps:3193,right:1,+^
no:1,fps:3194,right:1,+^
no:1,fps:3195,right:1,s1:2,+^
no:1,fps:3196,right:1,+^
no:1,fps:3197,+^
no:1,fps:3198,stand:1,+^
no:1,fps:3199,+^
no:1,fps:3200,+^
no:1,fps:3201,+^
no:1,fps:3202,+^
no:1,fps:3203,+^
no:1,fps:3204,+^
no:1,fps:3205,+^
no:1,fps:3206,+^
no:1,fps:3207,+^
no:1,fps:3208,+^
no:1,fps:3209,+^
no:1,fps:3210,+^
no:1,fps:3211,right:1,+^
no:1,fps:3212,right:1,+^
no:1,fps:3213,+^
no:1,fps:3214,right:1,+^
no:1,fps:3215,right:1,+^
no:1,fps:3216,right:1,+^
no:1,fps:3217,right:1,+^
no:1,fps:3218,right:1,+^
no:1,fps:3219,right:1,+^
no:1,fps:3220,right:1,+^
no:1,fps:3221,right:1,+^
no:1,fps:3222,right:1,+^
no:1,fps:3223,right:1,+^
no:1,fps:3224,right:1,+^
no:1,fps:3225,right:1,+^
no:1,fps:3226,right:1,+^
no:1,fps:3227,right:1,+^
no:1,fps:3228,stand:1,+^
no:1,fps:3229,left:1,+^
no:1,fps:3230,left:1,+^
no:1,fps:3231,left:1,+^
no:1,fps:3232,left:1,+^
no:1,fps:3233,left:1,+^
no:1,fps:3234,left:1,+^
no:1,fps:3235,left:1,+^
no:1,fps:3236,left:1,+^
no:1,fps:3237,left:1,+^
no:1,fps:3238,left:1,+^
no:1,fps:3239,left:1,+^
no:1,fps:3240,left:1,+^
no:1,fps:3241,left:1,+^
no:1,fps:3242,left:1,+^
no:1,fps:3243,left:1,+^
no:1,fps:3244,left:1,+^
no:1,fps:3245,left:1,+^
no:1,fps:3246,left:1,+^
no:1,fps:3247,left:1,+^
no:1,fps:3248,left:1,+^
no:1,fps:3249,left:1,+^
no:1,fps:3250,left:1,+^
no:1,fps:3251,left:1,+^
no:1,fps:3252,left:1,+^
no:1,fps:3253,left:1,+^
no:1,fps:3254,left:1,+^
no:1,fps:3255,right:1,stand:1,+^
no:1,fps:3256,right:1,+^
no:1,fps:3257,right:1,+^
no:1,fps:3258,right:1,+^
no:1,fps:3259,right:1,+^
no:1,fps:3260,right:1,+^
no:1,fps:3261,right:1,+^
no:1,fps:3262,right:1,+^
no:1,fps:3263,right:1,+^
no:1,fps:3264,right:1,+^
no:1,fps:3265,stand:1,+^
no:1,fps:3266,+^
no:1,fps:3267,+^
no:1,fps:3268,+^
no:1,fps:3269,+^
no:1,fps:3270,+^
no:1,fps:3271,+^
no:1,fps:3272,left:1,+^
no:1,fps:3273,left:1,+^
no:1,fps:3274,left:1,+^
no:1,fps:3275,+^
no:1,fps:3276,left:1,+^
no:1,fps:3277,left:1,+^
no:1,fps:3278,left:1,+^
no:1,fps:3279,left:1,+^
no:1,fps:3280,right:1,stand:1,+^
no:1,fps:3281,right:1,+^
no:1,fps:3282,right:1,+^
no:1,fps:3283,right:1,+^
no:1,fps:3284,right:1,+^
no:1,fps:3285,right:1,+^
no:1,fps:3286,right:1,+^
no:1,fps:3287,right:1,+^
no:1,fps:3288,right:1,+^
no:1,fps:3289,stand:1,+^
no:1,fps:3290,+^
no:1,fps:3291,+^
no:1,fps:3292,+^
no:1,fps:3293,s1:2,+^
no:1,fps:3294,+^
no:1,fps:3295,+^
no:1,fps:3296,+^
no:1,fps:3297,+^
no:1,fps:3298,+^
no:1,fps:3299,+^
no:1,fps:3300,+^
no:1,fps:3301,+^
no:1,fps:3302,+^
no:1,fps:3303,+^
no:1,fps:3304,+^
no:1,fps:3305,+^
no:1,fps:3306,+^
no:1,fps:3307,right:1,+^
no:1,fps:3308,right:1,+^
no:1,fps:3309,+^
no:1,fps:3310,right:1,+^
no:1,fps:3311,right:1,+^
no:1,fps:3312,right:1,+^
no:1,fps:3313,right:1,+^
no:1,fps:3314,right:1,+^
no:1,fps:3315,right:1,+^
no:1,fps:3316,stand:1,+^
no:1,fps:3317,left:1,+^
no:1,fps:3318,left:1,+^
no:1,fps:3319,+^
no:1,fps:3320,left:1,+^
no:1,fps:3321,left:1,+^
no:1,fps:3322,left:1,+^
no:1,fps:3323,left:1,+^
no:1,fps:3324,left:1,+^
no:1,fps:3325,left:1,+^
no:1,fps:3326,left:1,+^
no:1,fps:3327,left:1,+^
no:1,fps:3328,left:1,+^
no:1,fps:3329,left:1,+^
no:1,fps:3330,left:1,+^
no:1,fps:3331,left:1,+^
no:1,fps:3332,left:1,+^
no:1,fps:3333,left:1,+^
no:1,fps:3334,left:1,s1:1,+^
no:1,fps:3335,left:1,+^
no:1,fps:3336,left:1,+^
no:1,fps:3337,left:1,+^
no:1,fps:3338,right:1,stand:1,+^
no:1,fps:3339,right:1,+^
no:1,fps:3340,right:1,+^
no:1,fps:3341,right:1,+^
no:1,fps:3342,right:1,+^
no:1,fps:3343,right:1,+^
no:1,fps:3344,right:1,+^
no:1,fps:3345,right:1,+^
no:1,fps:3346,right:1,+^
no:1,fps:3347,right:1,+^
no:1,fps:3348,right:1,+^
no:1,fps:3349,right:1,+^
no:1,fps:3350,right:1,+^
no:1,fps:3351,right:1,+^
no:1,fps:3352,right:1,+^
no:1,fps:3353,right:1,+^
no:1,fps:3354,right:1,+^
no:1,fps:3355,right:1,+^
no:1,fps:3356,right:1,+^
no:1,fps:3357,right:1,+^
no:1,fps:3358,right:1,+^
no:1,fps:3359,right:1,+^
no:1,fps:3360,right:1,+^
no:1,fps:3361,right:1,+^
no:1,fps:3362,right:1,+^
no:1,fps:3363,right:1,+^
no:1,fps:3364,right:1,+^
no:1,fps:3365,right:1,+^
no:1,fps:3366,right:1,+^
no:1,fps:3367,right:1,+^
no:1,fps:3368,right:1,+^
no:1,fps:3369,right:1,+^
no:1,fps:3370,right:1,+^
no:1,fps:3371,right:1,+^
no:1,fps:3372,+^
no:1,fps:3373,right:1,+^
no:1,fps:3374,right:1,+^
no:1,fps:3375,right:1,+^
no:1,fps:3376,right:1,+^
no:1,fps:3377,right:1,+^
no:1,fps:3378,right:1,+^
no:1,fps:3379,right:1,+^
no:1,fps:3380,right:1,+^
no:1,fps:3381,right:1,+^
no:1,fps:3382,right:1,+^
no:1,fps:3383,right:1,+^
no:1,fps:3384,right:1,+^
no:1,fps:3385,right:1,+^
no:1,fps:3386,right:1,+^
no:1,fps:3387,right:1,+^
no:1,fps:3388,right:1,+^
no:1,fps:3389,right:1,+^
no:1,fps:3390,right:1,+^
no:1,fps:3391,right:1,+^
no:1,fps:3392,right:1,+^
no:1,fps:3393,right:1,+^
no:1,fps:3394,right:1,+^
no:1,fps:3395,right:1,+^
no:1,fps:3396,right:1,+^
no:1,fps:3397,right:1,+^
no:1,fps:3398,right:1,+^
no:1,fps:3399,right:1,+^
no:1,fps:3400,right:1,+^
no:1,fps:3401,right:1,+^
no:1,fps:3402,right:1,+^
no:1,fps:3403,right:1,+^
no:1,fps:3404,right:1,+^
no:1,fps:3405,right:1,+^
no:1,fps:3406,right:1,+^
no:1,fps:3407,right:1,+^
no:1,fps:3408,right:1,+^
no:1,fps:3409,right:1,+^
no:1,fps:3410,right:1,+^
no:1,fps:3411,right:1,+^
no:1,fps:3412,stand:1,+^
no:1,fps:3413,s1:1,+^
no:1,fps:3414,+^
no:1,fps:3415,+^
no:1,fps:3416,+^
no:1,fps:3417,+^
no:1,fps:3418,+^
no:1,fps:3419,+^
no:1,fps:3420,+^
no:1,fps:3421,+^
no:1,fps:3422,+^
no:1,fps:3423,+^
no:1,fps:3424,+^
no:1,fps:3425,+^
no:1,fps:3426,+^
no:1,fps:3427,+^
no:1,fps:3428,+^
no:1,fps:3429,+^
no:1,fps:3430,+^
no:1,fps:3431,+^
no:1,fps:3432,+^
no:1,fps:3433,+^
no:1,fps:3434,+^
no:1,fps:3435,+^
no:1,fps:3436,+^
no:1,fps:3437,+^
no:1,fps:3438,left:1,+^
no:1,fps:3439,left:1,+^
no:1,fps:3440,left:1,+^
no:1,fps:3441,left:1,+^
no:1,fps:3442,left:1,+^
no:1,fps:3443,left:1,+^
no:1,fps:3444,left:1,+^
no:1,fps:3445,left:1,+^
no:1,fps:3446,left:1,+^
no:1,fps:3447,left:1,+^
no:1,fps:3448,left:1,+^
no:1,fps:3449,left:1,+^
no:1,fps:3450,left:1,+^
no:1,fps:3451,left:1,+^
no:1,fps:3452,left:1,+^
no:1,fps:3453,left:1,+^
no:1,fps:3454,left:1,+^
no:1,fps:3455,left:1,+^
no:1,fps:3456,left:1,+^
no:1,fps:3457,left:1,right:1,+^
no:1,fps:3458,right:1,stand:1,+^
no:1,fps:3459,right:1,+^
no:1,fps:3460,right:1,+^
no:1,fps:3461,right:1,+^
no:1,fps:3462,right:1,+^
no:1,fps:3463,right:1,+^
no:1,fps:3464,stand:1,+^
no:1,fps:3465,s1:1,+^
no:1,fps:3466,+^
no:1,fps:3467,+^
no:1,fps:3468,+^
no:1,fps:3469,+^
no:1,fps:3470,+^
no:1,fps:3471,+^
no:1,fps:3472,s1:1,+^
no:1,fps:3473,+^
no:1,fps:3474,+^
no:1,fps:3475,+^
no:1,fps:3476,+^
no:1,fps:3477,+^
no:1,fps:3478,+^
no:1,fps:3479,s1:1,+^
no:1,fps:3480,+^
no:1,fps:3481,+^
no:1,fps:3482,+^
no:1,fps:3483,+^
no:1,fps:3484,+^
no:1,fps:3485,+^
no:1,fps:3486,+^
no:1,fps:3487,+^
no:1,fps:3488,+^
no:1,fps:3489,+^
no:1,fps:3490,+^
no:1,fps:3491,+^
no:1,fps:3492,+^
no:1,fps:3493,+^
no:1,fps:3494,+^
no:1,fps:3495,+^
no:1,fps:3496,+^
no:1,fps:3497,+^
no:1,fps:3498,+^
no:1,fps:3499,+^
no:1,fps:3500,+^
no:1,fps:3501,+^
no:1,fps:3502,+^
no:1,fps:3503,+^
no:1,fps:3504,+^
no:1,fps:3505,+^
no:1,fps:3506,+^
no:1,fps:3507,+^
no:1,fps:3508,+^
no:1,fps:3509,+^
no:1,fps:3510,+^
no:1,fps:3511,+^
no:1,fps:3512,+^
no:1,fps:3513,+^
no:1,fps:3514,+^
no:1,fps:3515,+^
no:1,fps:3516,left:1,+^
no:1,fps:3517,+^
no:1,fps:3518,left:1,+^
no:1,fps:3519,left:1,+^
no:1,fps:3520,left:1,+^
no:1,fps:3521,left:1,+^
no:1,fps:3522,left:1,+^
no:1,fps:3523,left:1,+^
no:1,fps:3524,left:1,+^
no:1,fps:3525,left:1,+^
no:1,fps:3526,left:1,+^
no:1,fps:3527,left:1,+^
no:1,fps:3528,left:1,+^
no:1,fps:3529,left:1,+^
no:1,fps:3530,left:1,+^
no:1,fps:3531,left:1,+^
no:1,fps:3532,left:1,+^
no:1,fps:3533,left:1,+^
no:1,fps:3534,left:1,+^
no:1,fps:3535,left:1,+^
no:1,fps:3536,stand:1,+^
no:1,fps:3537,right:1,+^
no:1,fps:3538,right:1,+^
no:1,fps:3539,right:1,+^
no:1,fps:3540,right:1,+^
no:1,fps:3541,right:1,+^
no:1,fps:3542,right:1,+^
no:1,fps:3543,right:1,jump:1,+^
no:1,fps:3544,right:1,+^
no:1,fps:3545,right:1,+^
no:1,fps:3546,right:1,+^
no:1,fps:3547,right:1,+^
no:1,fps:3548,right:1,+^
no:1,fps:3549,right:1,+^
no:1,fps:3550,right:1,+^
no:1,fps:3551,right:1,+^
no:1,fps:3552,right:1,jump:1,+^
no:1,fps:3553,right:1,+^
no:1,fps:3554,right:1,+^
no:1,fps:3555,right:1,+^
no:1,fps:3556,right:1,+^
no:1,fps:3557,right:1,+^
no:1,fps:3558,right:1,+^
no:1,fps:3559,stand:1,+^
no:1,fps:3560,+^
no:1,fps:3561,+^
no:1,fps:3562,left:1,+^
no:1,fps:3563,left:1,+^
no:1,fps:3564,left:1,+^
no:1,fps:3565,left:1,+^
no:1,fps:3566,+^
no:1,fps:3567,left:1,+^
no:1,fps:3568,left:1,+^
no:1,fps:3569,left:1,+^
no:1,fps:3570,left:1,+^
no:1,fps:3571,left:1,+^
no:1,fps:3572,left:1,+^
no:1,fps:3573,left:1,+^
no:1,fps:3574,left:1,+^
no:1,fps:3575,left:1,+^
no:1,fps:3576,left:1,+^
no:1,fps:3577,left:1,+^
no:1,fps:3578,left:1,+^
no:1,fps:3579,left:1,+^
no:1,fps:3580,left:1,+^
no:1,fps:3581,left:1,+^
no:1,fps:3582,left:1,+^
no:1,fps:3583,left:1,+^
no:1,fps:3584,left:1,+^
no:1,fps:3585,right:1,stand:1,+^
no:1,fps:3586,right:1,+^
no:1,fps:3587,right:1,+^
no:1,fps:3588,right:1,+^
no:1,fps:3589,right:1,+^
no:1,fps:3590,right:1,+^
no:1,fps:3591,right:1,+^
no:1,fps:3592,right:1,+^
no:1,fps:3593,right:1,+^
no:1,fps:3594,right:1,+^
no:1,fps:3595,right:1,+^
no:1,fps:3596,right:1,+^
no:1,fps:3597,right:1,+^
no:1,fps:3598,right:1,+^
no:1,fps:3599,right:1,+^
no:1,fps:3600,right:1,+^
no:1,fps:3601,right:1,+^
no:1,fps:3602,right:1,+^
no:1,fps:3603,right:1,+^
no:1,fps:3604,right:1,+^
no:1,fps:3605,right:1,+^
no:1,fps:3606,right:1,+^
no:1,fps:3607,right:1,+^
no:1,fps:3608,right:1,+^
no:1,fps:3609,right:1,+^
no:1,fps:3610,right:1,+^
no:1,fps:3611,right:1,jump:1,+^
no:1,fps:3612,right:1,+^
no:1,fps:3613,right:1,+^
no:1,fps:3614,right:1,+^
no:1,fps:3615,right:1,+^
no:1,fps:3616,right:1,+^
no:1,fps:3617,right:1,+^
no:1,fps:3618,right:1,+^
no:1,fps:3619,right:1,+^
no:1,fps:3620,right:1,+^
no:1,fps:3621,right:1,+^
no:1,fps:3622,right:1,+^
no:1,fps:3623,right:1,+^
no:1,fps:3624,right:1,+^
no:1,fps:3625,right:1,+^
no:1,fps:3626,right:1,jump:1,+^
no:1,fps:3627,right:1,+^
no:1,fps:3628,right:1,+^
no:1,fps:3629,right:1,+^
no:1,fps:3630,right:1,+^
no:1,fps:3631,right:1,+^
no:1,fps:3632,right:1,+^
no:1,fps:3633,right:1,+^
no:1,fps:3634,right:1,+^
no:1,fps:3635,right:1,+^
no:1,fps:3636,right:1,+^
no:1,fps:3637,right:1,+^
no:1,fps:3638,right:1,+^
no:1,fps:3639,right:1,+^
no:1,fps:3640,right:1,+^
no:1,fps:3641,right:1,+^
no:1,fps:3642,right:1,+^
no:1,fps:3643,right:1,+^
no:1,fps:3644,right:1,+^
no:1,fps:3645,right:1,+^
no:1,fps:3646,right:1,+^
no:1,fps:3647,right:1,+^
no:1,fps:3648,right:1,+^
no:1,fps:3649,right:1,+^
no:1,fps:3650,right:1,+^
no:1,fps:3651,right:1,+^
no:1,fps:3652,right:1,+^
no:1,fps:3653,right:1,+^
no:1,fps:3654,right:1,+^
no:1,fps:3655,right:1,+^
no:1,fps:3656,right:1,+^
no:1,fps:3657,right:1,+^
no:1,fps:3658,right:1,+^
no:1,fps:3659,right:1,+^
no:1,fps:3660,right:1,+^
no:1,fps:3661,right:1,+^
no:1,fps:3662,right:1,+^
no:1,fps:3663,right:1,+^
no:1,fps:3664,right:1,+^
no:1,fps:3665,right:1,+^
no:1,fps:3666,right:1,+^
no:1,fps:3667,right:1,+^
no:1,fps:3668,right:1,+^
no:1,fps:3669,right:1,+^
no:1,fps:3670,right:1,+^
no:1,fps:3671,right:1,+^
no:1,fps:3672,right:1,+^
no:1,fps:3673,right:1,jump:1,+^
no:1,fps:3674,right:1,+^
no:1,fps:3675,right:1,+^
no:1,fps:3676,right:1,+^
no:1,fps:3677,right:1,+^
no:1,fps:3678,right:1,+^
no:1,fps:3679,right:1,+^
no:1,fps:3680,right:1,+^
no:1,fps:3681,right:1,+^
no:1,fps:3682,right:1,+^
no:1,fps:3683,right:1,+^
no:1,fps:3684,right:1,+^
no:1,fps:3685,right:1,+^
no:1,fps:3686,right:1,jump:1,+^
no:1,fps:3687,right:1,+^
no:1,fps:3688,right:1,+^
no:1,fps:3689,right:1,+^
no:1,fps:3690,right:1,+^
no:1,fps:3691,right:1,+^
no:1,fps:3692,stand:1,+^
no:1,fps:3693,left:1,+^
no:1,fps:3694,left:1,+^
no:1,fps:3695,+^
no:1,fps:3696,left:1,+^
no:1,fps:3697,left:1,+^
no:1,fps:3698,left:1,+^
no:1,fps:3699,left:1,+^
no:1,fps:3700,left:1,+^
no:1,fps:3701,left:1,+^
no:1,fps:3702,left:1,+^
no:1,fps:3703,left:1,+^
no:1,fps:3704,left:1,+^
no:1,fps:3705,left:1,+^
no:1,fps:3706,left:1,+^
no:1,fps:3707,left:1,+^
no:1,fps:3708,left:1,+^
no:1,fps:3709,left:1,+^
no:1,fps:3710,left:1,+^
no:1,fps:3711,left:1,+^
no:1,fps:3712,left:1,+^
no:1,fps:3713,left:1,+^
no:1,fps:3714,left:1,+^
no:1,fps:3715,left:1,+^
no:1,fps:3716,left:1,+^
no:1,fps:3717,right:1,stand:1,+^
no:1,fps:3718,right:1,+^
no:1,fps:3719,right:1,+^
no:1,fps:3720,right:1,+^
no:1,fps:3721,right:1,+^
no:1,fps:3722,right:1,+^
no:1,fps:3723,right:1,+^
no:1,fps:3724,right:1,+^
no:1,fps:3725,right:1,+^
no:1,fps:3726,right:1,+^
no:1,fps:3727,stand:1,+^
no:1,fps:3728,+^
no:1,fps:3729,+^
no:1,fps:3730,+^
no:1,fps:3731,+^
no:1,fps:3732,+^
no:1,fps:3733,+^
no:1,fps:3734,+^
no:1,fps:3735,+^
no:1,fps:3736,+^
no:1,fps:3737,s1:3,+^
no:1,fps:3738,+^
no:1,fps:3739,+^
no:1,fps:3740,+^
no:1,fps:3741,+^
no:1,fps:3742,+^
no:1,fps:3743,+^
no:1,fps:3744,+^
no:1,fps:3745,+^
no:1,fps:3746,+^
no:1,fps:3747,+^
no:1,fps:3748,+^
no:1,fps:3749,+^
no:1,fps:3750,+^
no:1,fps:3751,+^
no:1,fps:3752,+^
no:1,fps:3753,+^
no:1,fps:3754,+^
no:1,fps:3755,+^
no:1,fps:3756,+^
no:1,fps:3757,+^
no:1,fps:3758,+^
no:1,fps:3759,+^
no:1,fps:3760,+^
no:1,fps:3761,+^
no:1,fps:3762,+^
no:1,fps:3763,+^
no:1,fps:3764,+^
no:1,fps:3765,+^
no:1,fps:3766,+^
no:1,fps:3767,+^
no:1,fps:3768,+^
no:1,fps:3769,+^
no:1,fps:3770,+^
no:1,fps:3771,+^
no:1,fps:3772,+^
no:1,fps:3773,+^
no:1,fps:3774,+^
no:1,fps:3775,+^
no:1,fps:3776,+^
no:1,fps:3777,+^
no:1,fps:3778,+^
no:1,fps:3779,+^
no:1,fps:3780,+^
no:1,fps:3781,+^
no:1,fps:3782,+^
no:1,fps:3783,+^
no:1,fps:3784,+^
no:1,fps:3785,+^
no:1,fps:3786,+^
no:1,fps:3787,+^
no:1,fps:3788,+^
no:1,fps:3789,+^
no:1,fps:3790,+^
no:1,fps:3791,+^
no:1,fps:3792,+^
no:1,fps:3793,left:1,+^
no:1,fps:3794,left:1,+^
no:1,fps:3795,left:1,+^
no:1,fps:3796,left:1,+^
no:1,fps:3797,+^
no:1,fps:3798,stand:1,+^
no:1,fps:3799,+^
no:1,fps:3800,+^
no:1,fps:3801,+^
no:1,fps:3802,+^
no:1,fps:3803,s1:3,+^
no:1,fps:3804,+^
no:1,fps:3805,+^
no:1,fps:3806,+^
no:1,fps:3807,+^
no:1,fps:3808,+^
no:1,fps:3809,+^
no:1,fps:3810,+^
no:1,fps:3811,+^
no:1,fps:3812,+^
no:1,fps:3813,+^
no:1,fps:3814,+^
no:1,fps:3815,+^
no:1,fps:3816,+^
no:1,fps:3817,+^
no:1,fps:3818,+^
no:1,fps:3819,+^
no:1,fps:3820,+^
no:1,fps:3821,+^
no:1,fps:3822,+^
no:1,fps:3823,+^
no:1,fps:3824,+^
no:1,fps:3825,+^
no:1,fps:3826,+^
no:1,fps:3827,+^
no:1,fps:3828,+^
no:1,fps:3829,+^
no:1,fps:3830,+^
no:1,fps:3831,+^
no:1,fps:3832,+^
no:1,fps:3833,+^
no:1,fps:3834,+^
no:1,fps:3835,+^
no:1,fps:3836,+^
no:1,fps:3837,+^
no:1,fps:3838,+^
no:1,fps:3839,+^
no:1,fps:3840,+^
no:1,fps:3841,+^
no:1,fps:3842,+^
no:1,fps:3843,+^
no:1,fps:3844,+^
no:1,fps:3845,+^
no:1,fps:3846,+^
no:1,fps:3847,+^
no:1,fps:3848,+^
no:1,fps:3849,+^
no:1,fps:3850,+^
no:1,fps:3851,+^
no:1,fps:3852,+^
no:1,fps:3853,s1:2,+^
no:1,fps:3854,+^
no:1,fps:3855,+^
no:1,fps:3856,+^
no:1,fps:3857,+^
no:1,fps:3858,+^
no:1,fps:3859,+^
no:1,fps:3860,+^
no:1,fps:3861,left:1,+^
no:1,fps:3862,left:1,+^
no:1,fps:3863,left:1,+^
no:1,fps:3864,left:1,+^
no:1,fps:3865,left:1,+^
no:1,fps:3866,left:1,+^
no:1,fps:3867,left:1,+^
no:1,fps:3868,left:1,+^
no:1,fps:3869,left:1,+^
no:1,fps:3870,left:1,+^
no:1,fps:3871,left:1,+^
no:1,fps:3872,left:1,+^
no:1,fps:3873,left:1,+^
no:1,fps:3874,+^
no:1,fps:3875,left:1,+^
no:1,fps:3876,left:1,+^
no:1,fps:3877,left:1,+^
no:1,fps:3878,+^
no:1,fps:3879,+^
no:1,fps:3880,left:1,+^
no:1,fps:3881,left:1,+^
no:1,fps:3882,left:1,+^
no:1,fps:3883,left:1,+^
no:1,fps:3884,left:1,+^
no:1,fps:3885,left:1,+^
no:1,fps:3886,left:1,+^
no:1,fps:3887,left:1,+^
no:1,fps:3888,left:1,+^
no:1,fps:3889,left:1,+^
no:1,fps:3890,left:1,+^
no:1,fps:3891,left:1,+^
no:1,fps:3892,left:1,+^
no:1,fps:3893,left:1,+^
no:1,fps:3894,+^
no:1,fps:3895,left:1,+^
no:1,fps:3896,+^
no:1,fps:3897,left:1,+^
no:1,fps:3898,left:1,+^
no:1,fps:3899,left:1,+^
no:1,fps:3900,left:1,+^
no:1,fps:3901,+^
no:1,fps:3902,left:1,+^
no:1,fps:3903,left:1,+^
no:1,fps:3904,left:1,+^
no:1,fps:3905,left:1,+^
no:1,fps:3906,left:1,+^
no:1,fps:3907,left:1,+^
no:1,fps:3908,left:1,+^
no:1,fps:3909,left:1,+^
no:1,fps:3910,left:1,+^
no:1,fps:3911,left:1,+^
no:1,fps:3912,left:1,+^
no:1,fps:3913,stand:1,+^
no:1,fps:3914,+^
no:1,fps:3915,+^
no:1,fps:3916,+^
no:1,fps:3917,+^
no:1,fps:3918,+^
no:1,fps:3919,+^
no:1,fps:3920,+^
no:1,fps:3921,+^
no:1,fps:3922,+^
no:1,fps:3923,+^
no:1,fps:3924,+^
no:1,fps:3925,+^
no:1,fps:3926,+^
no:1,fps:3927,+^
no:1,fps:3928,+^
no:1,fps:3929,+^
no:1,fps:3930,+^
no:1,fps:3931,+^
no:1,fps:3932,+^
no:1,fps:3933,+^
no:1,fps:3934,+^
no:1,fps:3935,+^
no:1,fps:3936,+^
no:1,fps:3937,+^
no:1,fps:3938,+^
no:1,fps:3939,+^
no:1,fps:3940,+^
no:1,fps:3941,+^
no:1,fps:3942,+^
no:1,fps:3943,+^
no:1,fps:3944,+^
no:1,fps:3945,+^
no:1,fps:3946,+^
no:1,fps:3947,+^
no:1,fps:3948,+^
no:1,fps:3949,+^
no:1,fps:3950,+^
no:1,fps:3951,+^
no:1,fps:3952,+^
no:1,fps:3953,+^
no:1,fps:3954,+^
no:1,fps:3955,+^
no:1,fps:3956,+^
no:1,fps:3957,+^
no:1,fps:3958,+^
no:1,fps:3959,+^
no:1,fps:3960,+^
no:1,fps:3961,+^
no:1,fps:3962,+^
no:1,fps:3963,+^
no:1,fps:3964,+^
no:1,fps:3965,+^
no:1,fps:3966,+^
no:1,fps:3967,+^
no:1,fps:3968,+^
no:1,fps:3969,+^
no:1,fps:3970,+^
no:1,fps:3971,+^
no:1,fps:3972,+^
no:1,fps:3973,+^
no:1,fps:3974,+^
no:1,fps:3975,+^
no:1,fps:3976,+^
no:1,fps:3977,+^
no:1,fps:3978,+^
no:1,fps:3979,+^
no:1,fps:3980,+^
no:1,fps:3981,+^
no:1,fps:3982,+^
no:1,fps:3983,+^
no:1,fps:3984,+^
no:1,fps:3985,+^
no:1,fps:3986,+^
no:1,fps:3987,+^
no:1,fps:3988,+^
no:1,fps:3989,+^
no:1,fps:3990,+^
no:1,fps:3991,+^
no:1,fps:3992,+^
no:1,fps:3993,+^
no:1,fps:3994,+^
no:1,fps:3995,+^
