cmd:new_pvp_friend:1^
no:0,fps:1,+^
no:1,fps:2,+^
no:1,fps:3,+^
no:1,fps:4,+^
no:1,fps:5,+^
no:1,fps:6,+^
no:1,fps:7,+^
no:1,fps:8,+^
no:1,fps:9,+^
no:1,fps:10,+^
no:1,fps:11,+^
no:1,fps:12,+^
no:1,fps:13,+^
no:1,fps:14,+^
no:1,fps:15,+^
no:1,fps:16,+^
no:1,fps:17,+^
no:1,fps:18,+^
no:1,fps:19,+^
no:1,fps:20,+^
no:1,fps:21,+^
no:1,fps:22,+^
no:1,fps:23,+^
no:1,fps:24,+^
no:1,fps:25,+^
no:1,fps:26,+^
no:1,fps:27,+^
no:1,fps:28,+^
no:1,fps:29,+^
no:1,fps:30,+^
no:1,fps:31,+^
no:1,fps:32,+^
no:1,fps:33,+^
no:1,fps:34,+^
no:1,fps:35,+^
no:1,fps:36,+^
no:1,fps:37,+^
no:1,fps:38,+^
no:1,fps:39,+^
no:1,fps:40,+^
no:1,fps:41,+^
no:1,fps:42,+^
no:1,fps:43,+^
no:1,fps:44,+^
no:1,fps:45,+^
no:1,fps:46,+^
no:1,fps:47,+^
no:1,fps:48,+^
no:1,fps:49,+^
no:1,fps:50,+^
no:1,fps:51,+^
no:1,fps:52,+^
no:1,fps:53,+^
no:1,fps:54,+^
no:1,fps:55,+^
no:1,fps:56,+^
no:1,fps:57,+^
no:1,fps:58,+^
no:1,fps:59,+^
no:1,fps:60,+^
no:1,fps:61,+^
no:1,fps:62,+^
no:1,fps:63,+^
no:1,fps:64,+^
no:1,fps:65,+^
no:1,fps:66,+^
no:1,fps:67,+^
no:1,fps:68,+^
no:1,fps:69,+^
no:1,fps:70,+^
no:1,fps:71,+^
no:1,fps:72,+^
no:1,fps:73,+^
no:1,fps:74,+^
no:1,fps:75,+^
no:1,fps:76,+^
no:1,fps:77,+^
no:1,fps:78,+^
no:1,fps:79,+^
no:1,fps:80,+^
no:1,fps:81,+^
no:1,fps:82,+^
no:1,fps:83,+^
no:1,fps:84,+^
no:1,fps:85,+^
no:1,fps:86,+^
no:1,fps:87,+^
no:1,fps:88,+^
no:1,fps:89,right:1,+^
no:1,fps:90,right:1,+^
no:1,fps:91,right:1,+^
no:1,fps:92,right:1,+^
no:1,fps:93,right:1,+^
no:1,fps:94,right:1,+^
no:1,fps:95,right:1,+^
no:1,fps:96,stand:1,+^
no:1,fps:97,+^
no:1,fps:98,+^
no:1,fps:99,+^
no:1,fps:100,+^
no:1,fps:101,+^
no:1,fps:102,+^
no:1,fps:103,+^
no:1,fps:104,+^
no:1,fps:105,+^
no:1,fps:106,+^
no:1,fps:107,s1:1,+^
no:1,fps:108,+^
no:1,fps:109,+^
no:1,fps:110,+^
no:1,fps:111,+^
no:1,fps:112,+^
no:1,fps:113,+^
no:1,fps:114,+^
no:1,fps:115,+^
no:1,fps:116,+^
no:1,fps:117,+^
no:1,fps:118,+^
no:1,fps:119,+^
no:1,fps:120,+^
no:1,fps:121,+^
no:1,fps:122,+^
no:1,fps:123,+^
no:1,fps:124,+^
no:1,fps:125,+^
no:1,fps:126,+^
no:1,fps:127,+^
no:1,fps:128,+^
no:1,fps:129,+^
no:1,fps:130,+^
no:1,fps:131,+^
no:1,fps:132,+^
no:1,fps:133,+^
no:1,fps:134,+^
no:1,fps:135,+^
no:1,fps:136,+^
no:1,fps:137,+^
no:1,fps:138,+^
no:1,fps:139,+^
no:1,fps:140,+^
no:1,fps:141,+^
no:1,fps:142,+^
no:1,fps:143,+^
no:1,fps:144,+^
no:1,fps:145,+^
no:1,fps:146,+^
no:1,fps:147,+^
no:1,fps:148,+^
no:1,fps:149,+^
no:1,fps:150,+^
no:1,fps:151,+^
no:1,fps:152,+^
no:1,fps:153,+^
no:1,fps:154,+^
no:1,fps:155,+^
no:1,fps:156,+^
no:1,fps:157,+^
no:1,fps:158,+^
no:1,fps:159,+^
no:1,fps:160,+^
no:1,fps:161,+^
no:1,fps:162,+^
no:1,fps:163,+^
no:1,fps:164,+^
no:1,fps:165,+^
no:1,fps:166,+^
no:1,fps:167,+^
no:1,fps:168,+^
no:1,fps:169,+^
no:1,fps:170,+^
no:1,fps:171,+^
no:1,fps:172,+^
no:1,fps:173,+^
no:1,fps:174,+^
no:1,fps:175,+^
no:1,fps:176,+^
no:1,fps:177,+^
no:1,fps:178,+^
no:1,fps:179,+^
no:1,fps:180,+^
no:1,fps:181,+^
no:1,fps:182,+^
no:1,fps:183,+^
no:1,fps:184,+^
no:1,fps:185,+^
no:1,fps:186,+^
no:1,fps:187,+^
no:1,fps:188,s1:1,+^
no:1,fps:189,+^
no:1,fps:190,+^
no:1,fps:191,+^
no:1,fps:192,+^
no:1,fps:193,+^
no:1,fps:194,+^
no:1,fps:195,+^
no:1,fps:196,+^
no:1,fps:197,+^
no:1,fps:198,+^
no:1,fps:199,+^
no:1,fps:200,+^
no:1,fps:201,+^
no:1,fps:202,+^
no:1,fps:203,+^
no:1,fps:204,+^
no:1,fps:205,+^
no:1,fps:206,+^
no:1,fps:207,+^
no:1,fps:208,+^
no:1,fps:209,+^
no:1,fps:210,+^
no:1,fps:211,+^
no:1,fps:212,+^
no:1,fps:213,+^
no:1,fps:214,+^
no:1,fps:215,+^
no:1,fps:216,+^
no:1,fps:217,+^
no:1,fps:218,+^
no:1,fps:219,+^
no:1,fps:220,+^
no:1,fps:221,+^
no:1,fps:222,+^
no:1,fps:223,+^
no:1,fps:224,+^
no:1,fps:225,+^
no:1,fps:226,+^
no:1,fps:227,+^
no:1,fps:228,+^
no:1,fps:229,+^
no:1,fps:230,+^
no:1,fps:231,+^
no:1,fps:232,+^
no:1,fps:233,+^
no:1,fps:234,+^
no:1,fps:235,+^
no:1,fps:236,+^
no:1,fps:237,+^
no:1,fps:238,+^
no:1,fps:239,+^
no:1,fps:240,+^
no:1,fps:241,+^
no:1,fps:242,+^
no:1,fps:243,+^
no:1,fps:244,+^
no:1,fps:245,+^
no:1,fps:246,+^
no:1,fps:247,+^
no:1,fps:248,+^
no:1,fps:249,+^
no:1,fps:250,+^
no:1,fps:251,+^
no:1,fps:252,+^
no:1,fps:253,+^
no:1,fps:254,+^
no:1,fps:255,+^
no:1,fps:256,+^
no:1,fps:257,+^
no:1,fps:258,+^
no:1,fps:259,+^
no:1,fps:260,+^
no:1,fps:261,+^
no:1,fps:262,+^
no:1,fps:263,+^
no:1,fps:264,+^
no:1,fps:265,+^
no:1,fps:266,+^
no:1,fps:267,+^
no:1,fps:268,+^
no:1,fps:269,+^
no:1,fps:270,+^
no:1,fps:271,+^
no:1,fps:272,+^
no:1,fps:273,+^
no:1,fps:274,+^
no:1,fps:275,+^
no:1,fps:276,+^
no:1,fps:277,+^
no:1,fps:278,+^
